(2024-12-08T14:03:44.521120604) (2024-12-08T14:03:44.521131614) [Msg] Ignition Gazebo Server v6.16.0
(2024-12-08T14:03:44.590840203) (2024-12-08T14:03:44.590852010) [Msg] Loading SDF world file[/home/gerard/turtlebot_ws/install/turtlebot4_ignition_bringup/share/turtlebot4_ignition_bringup/worlds/warehouse.sdf].
(2024-12-08T14:03:47.568643266) (2024-12-08T14:03:47.568657241) [Msg] Downloading model [https://fuel.gazebosim.org/openrobotics/models/warehouse]
(2024-12-08T14:03:48.373697239) (2024-12-08T14:03:48.373711311) [Dbg] [FuelClient.cc:2002] Downloading from a referral link [https://gz-fuel-resources-production.s3.amazonaws.com/OpenRobotics/314ff171-6a4e-4521-81ad-99383d70084c/.zips/5.zip?X-Amz-Algorithm=AWS4-HMAC-SHA256&X-Amz-Credential=AKIAS5OHIRKDBY6VUUFF%2F20241208%2Fus-east-1%2Fs3%2Faws4_request&X-Amz-Date=20241208T130348Z&X-Amz-Expires=3600&X-Amz-SignedHeaders=host&X-Amz-Signature=0f794a40670786ea55ad62e1703259da09683929d435102a891f3e381d9199f9]
(2024-12-08T14:03:55.800836497) (2024-12-08T14:03:55.800852642) [Dbg] [Zip.cc:180] Created file [/home/gerard/.ignition/fuel/fuel.gazebosim.org/openrobotics/models/warehouse/5/meshes/Asphalt010_1K_Color.jpg]
(2024-12-08T14:03:55.801148578) (2024-12-08T14:03:55.801157722) [Dbg] [Zip.cc:180] Created file [/home/gerard/.ignition/fuel/fuel.gazebosim.org/openrobotics/models/warehouse/5/meshes/Rough_Square_Concrete_Block.jpg]
(2024-12-08T14:03:55.818933534) (2024-12-08T14:03:55.820291697) [Dbg] [Zip.cc:180] Created file [/home/gerard/.ignition/fuel/fuel.gazebosim.org/openrobotics/models/warehouse/5/meshes/Tape001_1K_Color.png]
(2024-12-08T14:03:55.913959776) (2024-12-08T14:03:55.913975694) [Dbg] [Zip.cc:180] Created file [/home/gerard/.ignition/fuel/fuel.gazebosim.org/openrobotics/models/warehouse/5/meshes/Terrazzo005_1K_Color.jpg]
(2024-12-08T14:03:55.921311400) (2024-12-08T14:03:55.921324905) [Dbg] [Zip.cc:180] Created file [/home/gerard/.ignition/fuel/fuel.gazebosim.org/openrobotics/models/warehouse/5/meshes/ground.png]
(2024-12-08T14:03:55.923007014) (2024-12-08T14:03:55.923018735) [Dbg] [Zip.cc:180] Created file [/home/gerard/.ignition/fuel/fuel.gazebosim.org/openrobotics/models/warehouse/5/meshes/warehouse.dae]
(2024-12-08T14:03:55.994552135) (2024-12-08T14:03:55.994568167) [Dbg] [Zip.cc:180] Created file [/home/gerard/.ignition/fuel/fuel.gazebosim.org/openrobotics/models/warehouse/5/meshes/warehouse_colision.stl]
(2024-12-08T14:03:55.994721996) (2024-12-08T14:03:55.994731344) [Dbg] [Zip.cc:180] Created file [/home/gerard/.ignition/fuel/fuel.gazebosim.org/openrobotics/models/warehouse/5/model.config]
(2024-12-08T14:03:56.1861043) (2024-12-08T14:03:56.1873064) [Dbg] [Zip.cc:180] Created file [/home/gerard/.ignition/fuel/fuel.gazebosim.org/openrobotics/models/warehouse/5/model.sdf]
(2024-12-08T14:03:56.57288917) (2024-12-08T14:03:56.57306236) [Dbg] [Zip.cc:180] Created file [/home/gerard/.ignition/fuel/fuel.gazebosim.org/openrobotics/models/warehouse/5/thumbnails/1.png]
(2024-12-08T14:03:56.112258952) (2024-12-08T14:03:56.112272440) [Dbg] [Zip.cc:180] Created file [/home/gerard/.ignition/fuel/fuel.gazebosim.org/openrobotics/models/warehouse/5/thumbnails/2.png]
(2024-12-08T14:03:56.432088359) (2024-12-08T14:03:56.432103347) [Dbg] [Zip.cc:180] Created file [/home/gerard/.ignition/fuel/fuel.gazebosim.org/openrobotics/models/warehouse/5/thumbnails/3.png]
(2024-12-08T14:03:56.505539053) (2024-12-08T14:03:56.505552514) [Dbg] [Zip.cc:180] Created file [/home/gerard/.ignition/fuel/fuel.gazebosim.org/openrobotics/models/warehouse/5/thumbnails/4.png]
(2024-12-08T14:03:59.28359895) (2024-12-08T14:03:59.30680257) [Msg] Downloading model [https://fuel.gazebosim.org/movai/models/shelf_big]
(2024-12-08T14:03:59.679526239) (2024-12-08T14:03:59.679540398) [Dbg] [FuelClient.cc:2002] Downloading from a referral link [https://gz-fuel-resources-production.s3.amazonaws.com/MovAi/8b8f5b9c-dd04-4ab7-a482-ded293bb42e0/.zips/2.zip?X-Amz-Algorithm=AWS4-HMAC-SHA256&X-Amz-Credential=AKIAS5OHIRKDBY6VUUFF%2F20241208%2Fus-east-1%2Fs3%2Faws4_request&X-Amz-Date=20241208T130359Z&X-Amz-Expires=3600&X-Amz-SignedHeaders=host&X-Amz-Signature=f84e4aa11a3b11780598ca24e6581d0c70972c59f49449478225b9463019166f]
(2024-12-08T14:04:01.292106726) (2024-12-08T14:04:01.292121452) [Dbg] [Zip.cc:180] Created file [/home/gerard/.ignition/fuel/fuel.gazebosim.org/movai/models/shelf_big/2/meshes/Box_paper_04_1_Base_Color.png]
(2024-12-08T14:04:01.307988173) (2024-12-08T14:04:01.308000844) [Dbg] [Zip.cc:180] Created file [/home/gerard/.ignition/fuel/fuel.gazebosim.org/movai/models/shelf_big/2/meshes/shelf_big_movai.dae]
(2024-12-08T14:04:01.318381645) (2024-12-08T14:04:01.318399724) [Dbg] [Zip.cc:180] Created file [/home/gerard/.ignition/fuel/fuel.gazebosim.org/movai/models/shelf_big/2/model.config]
(2024-12-08T14:04:01.318566081) (2024-12-08T14:04:01.318574821) [Dbg] [Zip.cc:180] Created file [/home/gerard/.ignition/fuel/fuel.gazebosim.org/movai/models/shelf_big/2/model.sdf]
(2024-12-08T14:04:01.321775653) (2024-12-08T14:04:01.321789066) [Dbg] [Zip.cc:180] Created file [/home/gerard/.ignition/fuel/fuel.gazebosim.org/movai/models/shelf_big/2/thumbnails/1.png]
(2024-12-08T14:04:03.114480582) (2024-12-08T14:04:03.114492789) [Msg] Downloading model [https://fuel.gazebosim.org/movai/models/shelf]
(2024-12-08T14:04:03.703575902) (2024-12-08T14:04:03.706501109) [Dbg] [FuelClient.cc:2002] Downloading from a referral link [https://gz-fuel-resources-production.s3.amazonaws.com/MovAi/0c61430d-fe6a-45a6-beb9-bac11916ab0d/.zips/1.zip?X-Amz-Algorithm=AWS4-HMAC-SHA256&X-Amz-Credential=AKIAS5OHIRKDBY6VUUFF%2F20241208%2Fus-east-1%2Fs3%2Faws4_request&X-Amz-Date=20241208T130403Z&X-Amz-Expires=3600&X-Amz-SignedHeaders=host&X-Amz-Signature=1ca24f3f38641d8bb1be089ffea111c4172f23266dc5517da8b58c728d1cedc0]
(2024-12-08T14:04:04.991680284) (2024-12-08T14:04:04.991695237) [Dbg] [Zip.cc:180] Created file [/home/gerard/.ignition/fuel/fuel.gazebosim.org/movai/models/shelf/1/meshes/Box_paper_04_1_Base_Color.png]
(2024-12-08T14:04:04.992973200) (2024-12-08T14:04:04.993064241) [Dbg] [Zip.cc:180] Created file [/home/gerard/.ignition/fuel/fuel.gazebosim.org/movai/models/shelf/1/meshes/shelf_big_movai.dae]
(2024-12-08T14:04:04.993197821) (2024-12-08T14:04:04.993208805) [Dbg] [Zip.cc:180] Created file [/home/gerard/.ignition/fuel/fuel.gazebosim.org/movai/models/shelf/1/model.config]
(2024-12-08T14:04:04.993306023) (2024-12-08T14:04:04.993313361) [Dbg] [Zip.cc:180] Created file [/home/gerard/.ignition/fuel/fuel.gazebosim.org/movai/models/shelf/1/model.sdf]
(2024-12-08T14:04:04.994105315) (2024-12-08T14:04:04.994115943) [Dbg] [Zip.cc:180] Created file [/home/gerard/.ignition/fuel/fuel.gazebosim.org/movai/models/shelf/1/thumbnails/1.png]
(2024-12-08T14:04:06.435229539) (2024-12-08T14:04:06.435242337) [Msg] Downloading model [https://fuel.gazebosim.org/openrobotics/models/jersey barrier]
(2024-12-08T14:04:06.986247706) (2024-12-08T14:04:06.986261272) [Dbg] [FuelClient.cc:2002] Downloading from a referral link [https://gz-fuel-resources-production.s3.amazonaws.com/OpenRobotics/e75908fc-41d0-496f-9fcd-2b40dd337204/.zips/6.zip?X-Amz-Algorithm=AWS4-HMAC-SHA256&X-Amz-Credential=AKIAS5OHIRKDBY6VUUFF%2F20241208%2Fus-east-1%2Fs3%2Faws4_request&X-Amz-Date=20241208T130406Z&X-Amz-Expires=3600&X-Amz-SignedHeaders=host&X-Amz-Signature=96f659638d3226641aa6979d0e61fd0d9cfa8ef1376a227a1372c36831add5ca]
(2024-12-08T14:04:07.694146889) (2024-12-08T14:04:07.694157847) [Dbg] [Zip.cc:180] Created file [/home/gerard/.ignition/fuel/fuel.gazebosim.org/openrobotics/models/jersey barrier/6/materials/textures/jersey_barrier.jpg]
(2024-12-08T14:04:07.694389787) (2024-12-08T14:04:07.694398539) [Dbg] [Zip.cc:180] Created file [/home/gerard/.ignition/fuel/fuel.gazebosim.org/openrobotics/models/jersey barrier/6/materials/textures/jersey_barrier_diffuse.jpg]
(2024-12-08T14:04:07.694531373) (2024-12-08T14:04:07.694539353) [Dbg] [Zip.cc:180] Created file [/home/gerard/.ignition/fuel/fuel.gazebosim.org/openrobotics/models/jersey barrier/6/materials/textures/jersey_barrier_spec.jpg]
(2024-12-08T14:04:07.695112831) (2024-12-08T14:04:07.695123103) [Dbg] [Zip.cc:180] Created file [/home/gerard/.ignition/fuel/fuel.gazebosim.org/openrobotics/models/jersey barrier/6/meshes/jersey_barrier.dae]
(2024-12-08T14:04:07.695233743) (2024-12-08T14:04:07.695241675) [Dbg] [Zip.cc:180] Created file [/home/gerard/.ignition/fuel/fuel.gazebosim.org/openrobotics/models/jersey barrier/6/model.config]
(2024-12-08T14:04:07.695331640) (2024-12-08T14:04:07.695338653) [Dbg] [Zip.cc:180] Created file [/home/gerard/.ignition/fuel/fuel.gazebosim.org/openrobotics/models/jersey barrier/6/model.sdf]
(2024-12-08T14:04:07.695621596) (2024-12-08T14:04:07.695630473) [Dbg] [Zip.cc:180] Created file [/home/gerard/.ignition/fuel/fuel.gazebosim.org/openrobotics/models/jersey barrier/6/thumbnails/1.jpg]
(2024-12-08T14:04:07.695812060) (2024-12-08T14:04:07.695820120) [Dbg] [Zip.cc:180] Created file [/home/gerard/.ignition/fuel/fuel.gazebosim.org/openrobotics/models/jersey barrier/6/thumbnails/2.jpg]
(2024-12-08T14:04:07.695951664) (2024-12-08T14:04:07.695959580) [Dbg] [Zip.cc:180] Created file [/home/gerard/.ignition/fuel/fuel.gazebosim.org/openrobotics/models/jersey barrier/6/thumbnails/3.jpg]
(2024-12-08T14:04:07.696156842) (2024-12-08T14:04:07.696165058) [Dbg] [Zip.cc:180] Created file [/home/gerard/.ignition/fuel/fuel.gazebosim.org/openrobotics/models/jersey barrier/6/thumbnails/4.jpg]
(2024-12-08T14:04:07.696306083) (2024-12-08T14:04:07.696315500) [Dbg] [Zip.cc:180] Created file [/home/gerard/.ignition/fuel/fuel.gazebosim.org/openrobotics/models/jersey barrier/6/thumbnails/5.jpg]
(2024-12-08T14:04:07.917886967) (2024-12-08T14:04:07.917900373) [Msg] Downloading model [https://fuel.gazebosim.org/openrobotics/models/chair]
(2024-12-08T14:04:08.463015982) (2024-12-08T14:04:08.463029303) [Dbg] [FuelClient.cc:2002] Downloading from a referral link [https://gz-fuel-resources-production.s3.amazonaws.com/OpenRobotics/6c26e61f-ac69-46b5-b4b2-422c8f7b0ad3/.zips/3.zip?X-Amz-Algorithm=AWS4-HMAC-SHA256&X-Amz-Credential=AKIAS5OHIRKDBY6VUUFF%2F20241208%2Fus-east-1%2Fs3%2Faws4_request&X-Amz-Date=20241208T130408Z&X-Amz-Expires=3600&X-Amz-SignedHeaders=host&X-Amz-Signature=81564b2ec70c8031d2c404f9eb9fb03dc22eb36dc4584c417e08a3be83a5bf32]
(2024-12-08T14:04:10.942475323) (2024-12-08T14:04:10.942487180) [Dbg] [Zip.cc:180] Created file [/home/gerard/.ignition/fuel/fuel.gazebosim.org/openrobotics/models/chair/3/meshes/Chair.mtl]
(2024-12-08T14:04:10.942736247) (2024-12-08T14:04:10.942745146) [Dbg] [Zip.cc:180] Created file [/home/gerard/.ignition/fuel/fuel.gazebosim.org/openrobotics/models/chair/3/meshes/Chair.obj]
(2024-12-08T14:04:10.945366371) (2024-12-08T14:04:10.945701850) [Dbg] [Zip.cc:180] Created file [/home/gerard/.ignition/fuel/fuel.gazebosim.org/openrobotics/models/chair/3/meshes/Chair.png]
(2024-12-08T14:04:10.959707002) (2024-12-08T14:04:10.959720766) [Dbg] [Zip.cc:180] Created file [/home/gerard/.ignition/fuel/fuel.gazebosim.org/openrobotics/models/chair/3/meshes/Chair_Diffuse.png]
(2024-12-08T14:04:10.962960218) (2024-12-08T14:04:10.962974022) [Dbg] [Zip.cc:180] Created file [/home/gerard/.ignition/fuel/fuel.gazebosim.org/openrobotics/models/chair/3/meshes/Chair_Normal.png]
(2024-12-08T14:04:10.964333113) (2024-12-08T14:04:10.964345857) [Dbg] [Zip.cc:180] Created file [/home/gerard/.ignition/fuel/fuel.gazebosim.org/openrobotics/models/chair/3/meshes/Chair_SpecGloss.png]
(2024-12-08T14:04:10.964534247) (2024-12-08T14:04:10.964544228) [Dbg] [Zip.cc:180] Created file [/home/gerard/.ignition/fuel/fuel.gazebosim.org/openrobotics/models/chair/3/model.config]
(2024-12-08T14:04:10.964682439) (2024-12-08T14:04:10.964691176) [Dbg] [Zip.cc:180] Created file [/home/gerard/.ignition/fuel/fuel.gazebosim.org/openrobotics/models/chair/3/model.sdf]
(2024-12-08T14:04:10.965548802) (2024-12-08T14:04:10.965564791) [Dbg] [Zip.cc:180] Created file [/home/gerard/.ignition/fuel/fuel.gazebosim.org/openrobotics/models/chair/3/thumbnails/1.png]
(2024-12-08T14:04:10.966236521) (2024-12-08T14:04:10.966245948) [Dbg] [Zip.cc:180] Created file [/home/gerard/.ignition/fuel/fuel.gazebosim.org/openrobotics/models/chair/3/thumbnails/2.png]
(2024-12-08T14:04:10.966838771) (2024-12-08T14:04:10.966849435) [Dbg] [Zip.cc:180] Created file [/home/gerard/.ignition/fuel/fuel.gazebosim.org/openrobotics/models/chair/3/thumbnails/3.png]
(2024-12-08T14:04:10.967451896) (2024-12-08T14:04:10.967462832) [Dbg] [Zip.cc:180] Created file [/home/gerard/.ignition/fuel/fuel.gazebosim.org/openrobotics/models/chair/3/thumbnails/4.png]
(2024-12-08T14:04:10.968069720) (2024-12-08T14:04:10.968079662) [Dbg] [Zip.cc:180] Created file [/home/gerard/.ignition/fuel/fuel.gazebosim.org/openrobotics/models/chair/3/thumbnails/5.png]
(2024-12-08T14:04:10.968231792) (2024-12-08T14:04:10.968239526) [Dbg] [LocalCache.cc:601] Model [chair] loading resource from another model, named [Chair]. On Blueprint (ign-fuel-tools 3) and Citadel (ign-fuel-tools 4), [Chair] is ignored. From Dome (ign-fuel-tools 5), [chair] will be used. If [Chair] is not a model belonging to owner [openrobotics], fix your SDF file!
(2024-12-08T14:04:10.968334710) (2024-12-08T14:04:10.968341579) [Dbg] [LocalCache.cc:601] Model [chair] loading resource from another model, named [Chair]. On Blueprint (ign-fuel-tools 3) and Citadel (ign-fuel-tools 4), [Chair] is ignored. From Dome (ign-fuel-tools 5), [chair] will be used. If [Chair] is not a model belonging to owner [openrobotics], fix your SDF file!
(2024-12-08T14:04:11.68543715) (2024-12-08T14:04:11.68556644) [Msg] Downloading model [https://fuel.gazebosim.org/openrobotics/models/foldable_chair]
(2024-12-08T14:04:11.604627790) (2024-12-08T14:04:11.604637681) [Dbg] [FuelClient.cc:2002] Downloading from a referral link [https://gz-fuel-resources-production.s3.amazonaws.com/OpenRobotics/6d3e4cf8-4f92-4b93-8990-e2c6a53d9d9a/.zips/3.zip?X-Amz-Algorithm=AWS4-HMAC-SHA256&X-Amz-Credential=AKIAS5OHIRKDBY6VUUFF%2F20241208%2Fus-east-1%2Fs3%2Faws4_request&X-Amz-Date=20241208T130411Z&X-Amz-Expires=3600&X-Amz-SignedHeaders=host&X-Amz-Signature=f6f885f2c078472788a1e56d515b00cc46e815f0ff1dcc056c4c3dc46b1fd0dd]
(2024-12-08T14:04:15.447874735) (2024-12-08T14:04:15.447884020) [Dbg] [Zip.cc:180] Created file [/home/gerard/.ignition/fuel/fuel.gazebosim.org/openrobotics/models/foldable_chair/3/mesh/foldable_chair.dae]
(2024-12-08T14:04:15.489987785) (2024-12-08T14:04:15.490001070) [Dbg] [Zip.cc:180] Created file [/home/gerard/.ignition/fuel/fuel.gazebosim.org/openrobotics/models/foldable_chair/3/mesh/foldable_chair.png]
(2024-12-08T14:04:15.490168226) (2024-12-08T14:04:15.490176919) [Dbg] [Zip.cc:180] Created file [/home/gerard/.ignition/fuel/fuel.gazebosim.org/openrobotics/models/foldable_chair/3/model.config]
(2024-12-08T14:04:15.490262399) (2024-12-08T14:04:15.490269462) [Dbg] [Zip.cc:180] Created file [/home/gerard/.ignition/fuel/fuel.gazebosim.org/openrobotics/models/foldable_chair/3/model.sdf]
(2024-12-08T14:04:15.490908108) (2024-12-08T14:04:15.490917813) [Dbg] [Zip.cc:180] Created file [/home/gerard/.ignition/fuel/fuel.gazebosim.org/openrobotics/models/foldable_chair/3/thumbnails/1.png]
(2024-12-08T14:04:15.491501257) (2024-12-08T14:04:15.491511045) [Dbg] [Zip.cc:180] Created file [/home/gerard/.ignition/fuel/fuel.gazebosim.org/openrobotics/models/foldable_chair/3/thumbnails/2.png]
(2024-12-08T14:04:15.492051082) (2024-12-08T14:04:15.492060387) [Dbg] [Zip.cc:180] Created file [/home/gerard/.ignition/fuel/fuel.gazebosim.org/openrobotics/models/foldable_chair/3/thumbnails/3.png]
(2024-12-08T14:04:15.493034015) (2024-12-08T14:04:15.493043708) [Dbg] [Zip.cc:180] Created file [/home/gerard/.ignition/fuel/fuel.gazebosim.org/openrobotics/models/foldable_chair/3/thumbnails/4.png]
(2024-12-08T14:04:15.494099765) (2024-12-08T14:04:15.494114104) [Dbg] [Zip.cc:180] Created file [/home/gerard/.ignition/fuel/fuel.gazebosim.org/openrobotics/models/foldable_chair/3/thumbnails/5.png]
(2024-12-08T14:04:15.582687987) (2024-12-08T14:04:15.582700682) [Msg] Downloading model [https://fuel.gazebosim.org/openrobotics/models/table]
(2024-12-08T14:04:16.86865570) (2024-12-08T14:04:16.86873992) [Dbg] [FuelClient.cc:2002] Downloading from a referral link [https://gz-fuel-resources-production.s3.amazonaws.com/OpenRobotics/56e6b6a9-af6b-4504-a9cb-a89621150c46/.zips/4.zip?X-Amz-Algorithm=AWS4-HMAC-SHA256&X-Amz-Credential=AKIAS5OHIRKDBY6VUUFF%2F20241208%2Fus-east-1%2Fs3%2Faws4_request&X-Amz-Date=20241208T130416Z&X-Amz-Expires=3600&X-Amz-SignedHeaders=host&X-Amz-Signature=2fea2e7fd49bd8e28e84028b436e2df9bf0bd4257de3933bb0068d68e000b96c]
(2024-12-08T14:04:17.294208790) (2024-12-08T14:04:17.294221689) [Dbg] [Zip.cc:180] Created file [/home/gerard/.ignition/fuel/fuel.gazebosim.org/openrobotics/models/table/4/Table_Diffuse.jpg]
(2024-12-08T14:04:17.294402945) (2024-12-08T14:04:17.294414185) [Dbg] [Zip.cc:180] Created file [/home/gerard/.ignition/fuel/fuel.gazebosim.org/openrobotics/models/table/4/model-1_2.sdf]
(2024-12-08T14:04:17.294556400) (2024-12-08T14:04:17.294630623) [Dbg] [Zip.cc:180] Created file [/home/gerard/.ignition/fuel/fuel.gazebosim.org/openrobotics/models/table/4/model-1_3.sdf]
(2024-12-08T14:04:17.294709226) (2024-12-08T14:04:17.294720630) [Dbg] [Zip.cc:180] Created file [/home/gerard/.ignition/fuel/fuel.gazebosim.org/openrobotics/models/table/4/model-1_4.sdf]
(2024-12-08T14:04:17.294815430) (2024-12-08T14:04:17.294825520) [Dbg] [Zip.cc:180] Created file [/home/gerard/.ignition/fuel/fuel.gazebosim.org/openrobotics/models/table/4/model.config]
(2024-12-08T14:04:17.295460017) (2024-12-08T14:04:17.295472319) [Dbg] [Zip.cc:180] Created file [/home/gerard/.ignition/fuel/fuel.gazebosim.org/openrobotics/models/table/4/model.sdf]
(2024-12-08T14:04:17.295932863) (2024-12-08T14:04:17.295941795) [Dbg] [Zip.cc:180] Created file [/home/gerard/.ignition/fuel/fuel.gazebosim.org/openrobotics/models/table/4/thumbnails/1.png]
(2024-12-08T14:04:17.296693403) (2024-12-08T14:04:17.296703565) [Dbg] [Zip.cc:180] Created file [/home/gerard/.ignition/fuel/fuel.gazebosim.org/openrobotics/models/table/4/thumbnails/2.png]
(2024-12-08T14:04:17.296845076) (2024-12-08T14:04:17.296854478) [Dbg] [Zip.cc:180] Created file [/home/gerard/.ignition/fuel/fuel.gazebosim.org/openrobotics/models/table/4/thumbnails/3.png]
(2024-12-08T14:04:17.296993423) (2024-12-08T14:04:17.297004030) [Dbg] [Zip.cc:180] Created file [/home/gerard/.ignition/fuel/fuel.gazebosim.org/openrobotics/models/table/4/thumbnails/4.png]
(2024-12-08T14:04:17.297164434) (2024-12-08T14:04:17.297175190) [Dbg] [Zip.cc:180] Created file [/home/gerard/.ignition/fuel/fuel.gazebosim.org/openrobotics/models/table/4/thumbnails/5.png]
(2024-12-08T14:04:17.297403231) (2024-12-08T14:04:17.297415121) [Dbg] [LocalCache.cc:601] Model [table] loading resource from another model, named [Table]. On Blueprint (ign-fuel-tools 3) and Citadel (ign-fuel-tools 4), [Table] is ignored. From Dome (ign-fuel-tools 5), [table] will be used. If [Table] is not a model belonging to owner [openrobotics], fix your SDF file!
(2024-12-08T14:04:17.342224574) (2024-12-08T14:04:17.342238422) [Msg] Downloading model [https://fuel.gazebosim.org/openrobotics/models/malevisitoronphone]
(2024-12-08T14:04:17.877947283) (2024-12-08T14:04:17.877958265) [Dbg] [FuelClient.cc:2002] Downloading from a referral link [https://gz-fuel-resources-production.s3.amazonaws.com/OpenRobotics/d7fd6d9c-f3c4-4dab-a616-35435c07bee3/.zips/2.zip?X-Amz-Algorithm=AWS4-HMAC-SHA256&X-Amz-Credential=AKIAS5OHIRKDBY6VUUFF%2F20241208%2Fus-east-1%2Fs3%2Faws4_request&X-Amz-Date=20241208T130417Z&X-Amz-Expires=3600&X-Amz-SignedHeaders=host&X-Amz-Signature=6af980bab3cc3c86e6a6aaae6a94adcc5b8555796f59ea79e0c62acf5bc38b5f]
(2024-12-08T14:04:19.150036675) (2024-12-08T14:04:19.150068573) [Dbg] [Zip.cc:180] Created file [/home/gerard/.ignition/fuel/fuel.gazebosim.org/openrobotics/models/malevisitoronphone/2/meshes/MaleVisitor.png]
(2024-12-08T14:04:19.150812340) (2024-12-08T14:04:19.150829297) [Dbg] [Zip.cc:180] Created file [/home/gerard/.ignition/fuel/fuel.gazebosim.org/openrobotics/models/malevisitoronphone/2/meshes/MaleVisitorStatic.mtl]
(2024-12-08T14:04:19.152525831) (2024-12-08T14:04:19.152552096) [Dbg] [Zip.cc:180] Created file [/home/gerard/.ignition/fuel/fuel.gazebosim.org/openrobotics/models/malevisitoronphone/2/meshes/MaleVisitorStatic.obj]
(2024-12-08T14:04:19.152761178) (2024-12-08T14:04:19.152774561) [Dbg] [Zip.cc:180] Created file [/home/gerard/.ignition/fuel/fuel.gazebosim.org/openrobotics/models/malevisitoronphone/2/meshes/MaleVisitorStatic_Col.mtl]
(2024-12-08T14:04:19.152905763) (2024-12-08T14:04:19.152913932) [Dbg] [Zip.cc:180] Created file [/home/gerard/.ignition/fuel/fuel.gazebosim.org/openrobotics/models/malevisitoronphone/2/meshes/MaleVisitorStatic_Col.obj]
(2024-12-08T14:04:19.153049170) (2024-12-08T14:04:19.153056915) [Dbg] [Zip.cc:180] Created file [/home/gerard/.ignition/fuel/fuel.gazebosim.org/openrobotics/models/malevisitoronphone/2/meshes/Phone.png]
(2024-12-08T14:04:19.153127520) (2024-12-08T14:04:19.153135774) [Dbg] [Zip.cc:180] Created file [/home/gerard/.ignition/fuel/fuel.gazebosim.org/openrobotics/models/malevisitoronphone/2/model.config]
(2024-12-08T14:04:19.153220494) (2024-12-08T14:04:19.153228454) [Dbg] [Zip.cc:180] Created file [/home/gerard/.ignition/fuel/fuel.gazebosim.org/openrobotics/models/malevisitoronphone/2/model.sdf]
(2024-12-08T14:04:19.153672917) (2024-12-08T14:04:19.153682129) [Dbg] [Zip.cc:180] Created file [/home/gerard/.ignition/fuel/fuel.gazebosim.org/openrobotics/models/malevisitoronphone/2/thumbnails/1.png]
(2024-12-08T14:04:19.153906669) (2024-12-08T14:04:19.153915049) [Dbg] [Zip.cc:180] Created file [/home/gerard/.ignition/fuel/fuel.gazebosim.org/openrobotics/models/malevisitoronphone/2/thumbnails/2.png]
(2024-12-08T14:04:19.154246407) (2024-12-08T14:04:19.154254698) [Dbg] [Zip.cc:180] Created file [/home/gerard/.ignition/fuel/fuel.gazebosim.org/openrobotics/models/malevisitoronphone/2/thumbnails/3.png]
(2024-12-08T14:04:19.154539999) (2024-12-08T14:04:19.154548835) [Dbg] [Zip.cc:180] Created file [/home/gerard/.ignition/fuel/fuel.gazebosim.org/openrobotics/models/malevisitoronphone/2/thumbnails/4.png]
(2024-12-08T14:04:19.154923893) (2024-12-08T14:04:19.154936522) [Dbg] [Zip.cc:180] Created file [/home/gerard/.ignition/fuel/fuel.gazebosim.org/openrobotics/models/malevisitoronphone/2/thumbnails/5.png]
(2024-12-08T14:04:19.155134428) (2024-12-08T14:04:19.155142352) [Dbg] [LocalCache.cc:601] Model [malevisitoronphone] loading resource from another model, named [MaleVisitorOnPhone]. On Blueprint (ign-fuel-tools 3) and Citadel (ign-fuel-tools 4), [MaleVisitorOnPhone] is ignored. From Dome (ign-fuel-tools 5), [malevisitoronphone] will be used. If [MaleVisitorOnPhone] is not a model belonging to owner [openrobotics], fix your SDF file!
(2024-12-08T14:04:19.155223659) (2024-12-08T14:04:19.155231611) [Dbg] [LocalCache.cc:601] Model [malevisitoronphone] loading resource from another model, named [MaleVisitorOnPhone]. On Blueprint (ign-fuel-tools 3) and Citadel (ign-fuel-tools 4), [MaleVisitorOnPhone] is ignored. From Dome (ign-fuel-tools 5), [malevisitoronphone] will be used. If [MaleVisitorOnPhone] is not a model belonging to owner [openrobotics], fix your SDF file!
(2024-12-08T14:04:19.199952053) (2024-12-08T14:04:19.199964622) [Msg] Downloading model [https://fuel.gazebosim.org/plateau/models/casual female]
(2024-12-08T14:04:19.733186032) (2024-12-08T14:04:19.733197347) [Dbg] [FuelClient.cc:2002] Downloading from a referral link [https://gz-fuel-resources-production.s3.amazonaws.com/plateau/89535190-0228-4f69-9f9c-ab9f58034d12/.zips/1.zip?X-Amz-Algorithm=AWS4-HMAC-SHA256&X-Amz-Credential=AKIAS5OHIRKDBY6VUUFF%2F20241208%2Fus-east-1%2Fs3%2Faws4_request&X-Amz-Date=20241208T130419Z&X-Amz-Expires=3600&X-Amz-SignedHeaders=host&X-Amz-Signature=9931e93e1606c345e789ecd1761730fa75a6ead9b7726a24774a5096dd130071]
(2024-12-08T14:04:32.53928456) (2024-12-08T14:04:32.53952845) [Dbg] [Zip.cc:180] Created file [/home/gerard/.ignition/fuel/fuel.gazebosim.org/plateau/models/casual female/1/materials/textures/brown_eye.png]
(2024-12-08T14:04:32.57306237) (2024-12-08T14:04:32.57319810) [Dbg] [Zip.cc:180] Created file [/home/gerard/.ignition/fuel/fuel.gazebosim.org/plateau/models/casual female/1/materials/textures/casual_female.png]
(2024-12-08T14:04:32.58262170) (2024-12-08T14:04:32.58277364) [Dbg] [Zip.cc:180] Created file [/home/gerard/.ignition/fuel/fuel.gazebosim.org/plateau/models/casual female/1/materials/textures/eyebrow002.png]
(2024-12-08T14:04:32.59430050) (2024-12-08T14:04:32.59449098) [Dbg] [Zip.cc:180] Created file [/home/gerard/.ignition/fuel/fuel.gazebosim.org/plateau/models/casual female/1/materials/textures/eyelashes01.png]
(2024-12-08T14:04:32.73988647) (2024-12-08T14:04:32.74003643) [Dbg] [Zip.cc:180] Created file [/home/gerard/.ignition/fuel/fuel.gazebosim.org/plateau/models/casual female/1/materials/textures/female_casualsuit01_diffuse.png]
(2024-12-08T14:04:32.125800810) (2024-12-08T14:04:32.125816158) [Dbg] [Zip.cc:180] Created file [/home/gerard/.ignition/fuel/fuel.gazebosim.org/plateau/models/casual female/1/materials/textures/female_casualsuit01_normal.png]
(2024-12-08T14:04:32.146993787) (2024-12-08T14:04:32.147008068) [Dbg] [Zip.cc:180] Created file [/home/gerard/.ignition/fuel/fuel.gazebosim.org/plateau/models/casual female/1/materials/textures/female_casualsuit02_diffuse.png]
(2024-12-08T14:04:32.166186698) (2024-12-08T14:04:32.166216103) [Dbg] [Zip.cc:180] Created file [/home/gerard/.ignition/fuel/fuel.gazebosim.org/plateau/models/casual female/1/materials/textures/female_casualsuit02_normal.png]
(2024-12-08T14:04:32.184596976) (2024-12-08T14:04:32.184611467) [Dbg] [Zip.cc:180] Created file [/home/gerard/.ignition/fuel/fuel.gazebosim.org/plateau/models/casual female/1/materials/textures/ponytail01_diffuse.png]
(2024-12-08T14:04:32.191056996) (2024-12-08T14:04:32.191067354) [Dbg] [Zip.cc:180] Created file [/home/gerard/.ignition/fuel/fuel.gazebosim.org/plateau/models/casual female/1/materials/textures/shoes05_diffuse.png]
(2024-12-08T14:04:32.195581454) (2024-12-08T14:04:32.195592735) [Dbg] [Zip.cc:180] Created file [/home/gerard/.ignition/fuel/fuel.gazebosim.org/plateau/models/casual female/1/materials/textures/tongue01_diffuse.png]
(2024-12-08T14:04:32.205182588) (2024-12-08T14:04:32.205196560) [Dbg] [Zip.cc:180] Created file [/home/gerard/.ignition/fuel/fuel.gazebosim.org/plateau/models/casual female/1/materials/textures/young_lightskinned_female_diffuse.png]
(2024-12-08T14:04:32.234855537) (2024-12-08T14:04:32.234869183) [Dbg] [Zip.cc:180] Created file [/home/gerard/.ignition/fuel/fuel.gazebosim.org/plateau/models/casual female/1/meshes/casual_female.dae]
(2024-12-08T14:04:32.234996790) (2024-12-08T14:04:32.235005718) [Dbg] [Zip.cc:180] Created file [/home/gerard/.ignition/fuel/fuel.gazebosim.org/plateau/models/casual female/1/model.config]
(2024-12-08T14:04:32.235101857) (2024-12-08T14:04:32.235110330) [Dbg] [Zip.cc:180] Created file [/home/gerard/.ignition/fuel/fuel.gazebosim.org/plateau/models/casual female/1/model.sdf]
(2024-12-08T14:04:32.235566537) (2024-12-08T14:04:32.235577977) [Dbg] [Zip.cc:180] Created file [/home/gerard/.ignition/fuel/fuel.gazebosim.org/plateau/models/casual female/1/thumbnails/1.png]
(2024-12-08T14:04:32.236120010) (2024-12-08T14:04:32.236130863) [Dbg] [Zip.cc:180] Created file [/home/gerard/.ignition/fuel/fuel.gazebosim.org/plateau/models/casual female/1/thumbnails/2.png]
(2024-12-08T14:04:32.236575682) (2024-12-08T14:04:32.236589880) [Dbg] [Zip.cc:180] Created file [/home/gerard/.ignition/fuel/fuel.gazebosim.org/plateau/models/casual female/1/thumbnails/3.png]
(2024-12-08T14:04:32.237185158) (2024-12-08T14:04:32.237198575) [Dbg] [Zip.cc:180] Created file [/home/gerard/.ignition/fuel/fuel.gazebosim.org/plateau/models/casual female/1/thumbnails/4.png]
(2024-12-08T14:04:32.237776486) (2024-12-08T14:04:32.237792670) [Dbg] [Zip.cc:180] Created file [/home/gerard/.ignition/fuel/fuel.gazebosim.org/plateau/models/casual female/1/thumbnails/5.png]
(2024-12-08T14:04:32.311346967) (2024-12-08T14:04:32.311358703) [Msg] Serving entity system service on [/entity/system/add]
(2024-12-08T14:04:32.487615663) (2024-12-08T14:04:32.487632408) [Dbg] [Physics.cc:804] Loaded [ignition::physics::dartsim::Plugin] from library [/usr/lib/x86_64-linux-gnu/ign-physics-5/engine-plugins/libignition-physics-dartsim-plugin.so]
(2024-12-08T14:04:32.487898771) (2024-12-08T14:04:32.487909881) [Dbg] [SystemManager.cc:70] Loaded system [ignition::gazebo::systems::Physics] for entity [1]
(2024-12-08T14:04:32.502774434) (2024-12-08T14:04:32.502788470) [Msg] Create service on [/world/warehouse/create]
(2024-12-08T14:04:32.503132541) (2024-12-08T14:04:32.503143359) [Msg] Remove service on [/world/warehouse/remove]
(2024-12-08T14:04:32.503673989) (2024-12-08T14:04:32.503684298) [Msg] Pose service on [/world/warehouse/set_pose]
(2024-12-08T14:04:32.503931130) (2024-12-08T14:04:32.503940369) [Msg] Pose service on [/world/warehouse/set_pose_vector]
(2024-12-08T14:04:32.504255990) (2024-12-08T14:04:32.504265406) [Msg] Light configuration service on [/world/warehouse/light_config]
(2024-12-08T14:04:32.504787829) (2024-12-08T14:04:32.504799141) [Msg] Physics service on [/world/warehouse/set_physics]
(2024-12-08T14:04:32.504984028) (2024-12-08T14:04:32.505154926) [Msg] SphericalCoordinates service on [/world/warehouse/set_spherical_coordinates]
(2024-12-08T14:04:32.505522495) (2024-12-08T14:04:32.505533957) [Msg] Enable collision service on [/world/warehouse/enable_collision]
(2024-12-08T14:04:32.505757874) (2024-12-08T14:04:32.505768066) [Msg] Disable collision service on [/world/warehouse/disable_collision]
(2024-12-08T14:04:32.506174674) (2024-12-08T14:04:32.506184725) [Msg] Material service on [/world/warehouse/visual_config]
(2024-12-08T14:04:32.506437521) (2024-12-08T14:04:32.506448542) [Msg] Material service on [/world/warehouse/wheel_slip]
(2024-12-08T14:04:32.506509688) (2024-12-08T14:04:32.506517446) [Dbg] [SystemManager.cc:70] Loaded system [ignition::gazebo::systems::UserCommands] for entity [1]
(2024-12-08T14:04:32.522293662) (2024-12-08T14:04:32.522305410) [Dbg] [SystemManager.cc:70] Loaded system [ignition::gazebo::systems::SceneBroadcaster] for entity [1]
(2024-12-08T14:04:32.531969487) (2024-12-08T14:04:32.531986997) [Msg] Loaded level [3]
(2024-12-08T14:04:32.534419557) (2024-12-08T14:04:32.534433731) [Msg] Serving world controls on [/world/warehouse/control], [/world/warehouse/control/state] and [/world/warehouse/playback/control]
(2024-12-08T14:04:32.534885370) (2024-12-08T14:04:32.534900823) [Msg] Serving GUI information on [/world/warehouse/gui/info]
(2024-12-08T14:04:32.534946477) (2024-12-08T14:04:32.534956531) [Msg] World [warehouse] initialized with [default_physics] physics profile.
(2024-12-08T14:04:32.535262037) (2024-12-08T14:04:32.535273707) [Msg] Serving world SDF generation service on [/world/warehouse/generate_world_sdf]
(2024-12-08T14:04:32.535769985) (2024-12-08T14:04:32.535779979) [Msg] Serving world names on [/gazebo/worlds]
(2024-12-08T14:04:32.535903527) (2024-12-08T14:04:32.535914673) [Msg] Resource path add service on [/gazebo/resource_paths/add].
(2024-12-08T14:04:32.536130246) (2024-12-08T14:04:32.536139373) [Msg] Resource path get service on [/gazebo/resource_paths/get].
(2024-12-08T14:04:32.536296557) (2024-12-08T14:04:32.536305664) [Msg] Resource path resolve service on [/gazebo/resource_paths/resolve].
(2024-12-08T14:04:32.536556713) (2024-12-08T14:04:32.536566165) [Msg] Resource paths published on [/gazebo/resource_paths].
(2024-12-08T14:04:32.537308767) (2024-12-08T14:04:32.537322612) [Msg] Server control service on [/server_control].
(2024-12-08T14:04:32.537888325) (2024-12-08T14:04:32.537901500) [Msg] Found no publishers on /stats, adding root stats topic
(2024-12-08T14:04:32.739937394) (2024-12-08T14:04:32.739950574) [Msg] Found no publishers on /clock, adding root clock topic
(2024-12-08T14:04:32.841291040) (2024-12-08T14:04:32.841302921) [Dbg] [SimulationRunner.cc:496] Creating PostUpdate worker threads: 2
(2024-12-08T14:04:32.841342938) (2024-12-08T14:04:32.841351149) [Dbg] [SimulationRunner.cc:507] Creating postupdate worker thread (0)
(2024-12-08T14:04:32.982544541) (2024-12-08T14:04:32.982557892) [Wrn] [OBJLoader.cc:91] Both `d` and `Tr` parameters defined for "Chair". Use the value of `d` for dissolve (line 8 in .mtl.)

(2024-12-08T14:04:33.22280319) (2024-12-08T14:04:33.22293165) [Dbg] [SimulationFeatures.cc:71] Simulation timestep set to: 0.003
(2024-12-08T14:04:33.101667454) (2024-12-08T14:04:33.101680010) [Msg] Serving scene information on [/world/warehouse/scene/info]
(2024-12-08T14:04:33.101841953) (2024-12-08T14:04:33.101861302) [Msg] Serving graph information on [/world/warehouse/scene/graph]
(2024-12-08T14:04:33.102127931) (2024-12-08T14:04:33.102144219) [Msg] Serving full state on [/world/warehouse/state]
(2024-12-08T14:04:33.102280631) (2024-12-08T14:04:33.102288546) [Msg] Serving full state (async) on [/world/warehouse/state_async]
(2024-12-08T14:04:33.115710587) (2024-12-08T14:04:33.115724943) [Msg] Publishing scene information on [/world/warehouse/scene/info]
(2024-12-08T14:04:33.116043863) (2024-12-08T14:04:33.116053684) [Msg] Publishing entity deletions on [/world/warehouse/scene/deletion]
(2024-12-08T14:04:33.116198457) (2024-12-08T14:04:33.116209120) [Msg] Publishing state changes on [/world/warehouse/state]
(2024-12-08T14:04:33.116330593) (2024-12-08T14:04:33.116341800) [Msg] Publishing pose messages on [/world/warehouse/pose/info]
(2024-12-08T14:04:33.127081253) (2024-12-08T14:04:33.127094201) [Msg] Publishing dynamic pose messages on [/world/warehouse/dynamic_pose/info]
(2024-12-08T14:04:33.127787136) (2024-12-08T14:04:33.127800747) [Dbg] [EntityComponentManager.cc:1623] Updated state thread iterators: 4 threads processing around 34 entities each.
(2024-12-08T14:04:33.128404330) (2024-12-08T14:04:33.128416289) [Wrn] [Model.hh:69] Skipping serialization / deserialization for models with //pose/@relative_to attribute.
(2024-12-08T14:04:33.129251263) (2024-12-08T14:04:33.129262748) [Wrn] [Component.hh:144] Trying to serialize component with data type [N3sdf3v125WorldE], which doesn't have `operator<<`. Component will not be serialized.
(2024-12-08T14:04:33.426812654) (2024-12-08T14:04:33.426825709) [Dbg] [SystemManager.cc:70] Loaded system [ignition::gazebo::systems::PosePublisher] for entity [136]
(2024-12-08T14:04:33.427052263) (2024-12-08T14:04:33.427062238) [Dbg] [UserCommands.cc:1303] Created entity [136] named [standard_dock]
(2024-12-08T14:04:33.616366326) (2024-12-08T14:04:33.616392046) [Dbg] [UserCommands.cc:1303] Created entity [152] named [turtlebot4]
(2024-12-08T14:04:33.654305959) (2024-12-08T14:04:33.654321348) [Dbg] [SimulationRunner.cc:523] Exiting postupdate worker thread (0)
(2024-12-08T14:04:33.654461337) (2024-12-08T14:04:33.654472083) [Dbg] [SimulationRunner.cc:496] Creating PostUpdate worker threads: 3
(2024-12-08T14:04:33.654513877) (2024-12-08T14:04:33.654522684) [Dbg] [SimulationRunner.cc:507] Creating postupdate worker thread (0)
(2024-12-08T14:04:33.654597047) (2024-12-08T14:04:33.654607091) [Dbg] [SimulationRunner.cc:507] Creating postupdate worker thread (1)
(2024-12-08T14:05:47.169723643) (2024-12-08T14:05:47.169740076) [Dbg] [SignalHandler.cc:141] Received signal[2].
(2024-12-08T14:05:47.169812507) (2024-12-08T14:05:47.169822767) [Dbg] [ServerPrivate.cc:110] Server received signal[2]
(2024-12-08T14:05:47.171383110) (2024-12-08T14:05:47.171403732) [Dbg] [gz.cc:410] Shutting down ign-gazebo-server
(2024-12-08T14:05:47.176394228) (2024-12-08T14:05:47.176411048) [Dbg] [SimulationRunner.cc:523] Exiting postupdate worker thread (0)
((2024-12-08T14:05:47.176465140) (2024-12-08T14:05:47.176477074) 
[Dbg] [SimulationRunner.cc:523] Exiting postupdate worker thread (1)
