(2024-12-08T14:06:07.975335989) (2024-12-08T14:06:07.975345248) [Msg] Ignition Gazebo Server v6.16.0
(2024-12-08T14:06:08.46245166) (2024-12-08T14:06:08.46257045) [Msg] Loading SDF world file[/home/gerard/turtlebot_ws/install/turtlebot4_ignition_bringup/share/turtlebot4_ignition_bringup/worlds/warehouse.sdf].
(2024-12-08T14:06:26.919802722) (2024-12-08T14:06:26.919815336) [Msg] Serving entity system service on [/entity/system/add]
(2024-12-08T14:06:27.57943098) (2024-12-08T14:06:27.57955735) [Dbg] [Physics.cc:804] Loaded [ignition::physics::dartsim::Plugin] from library [/usr/lib/x86_64-linux-gnu/ign-physics-5/engine-plugins/libignition-physics-dartsim-plugin.so]
(2024-12-08T14:06:27.58097289) (2024-12-08T14:06:27.58106815) [Dbg] [SystemManager.cc:70] Loaded system [ignition::gazebo::systems::Physics] for entity [1]
(2024-12-08T14:06:27.69846591) (2024-12-08T14:06:27.69860423) [Msg] Create service on [/world/warehouse/create]
(2024-12-08T14:06:27.70449698) (2024-12-08T14:06:27.70460841) [Msg] Remove service on [/world/warehouse/remove]
(2024-12-08T14:06:27.73338893) (2024-12-08T14:06:27.73352772) [Msg] Pose service on [/world/warehouse/set_pose]
(2024-12-08T14:06:27.74579949) (2024-12-08T14:06:27.74592371) [Msg] Pose service on [/world/warehouse/set_pose_vector]
(2024-12-08T14:06:27.76548873) (2024-12-08T14:06:27.76563409) [Msg] Light configuration service on [/world/warehouse/light_config]
(2024-12-08T14:06:27.77091795) (2024-12-08T14:06:27.77101732) [Msg] Physics service on [/world/warehouse/set_physics]
(2024-12-08T14:06:27.77314922) (2024-12-08T14:06:27.77325437) [Msg] SphericalCoordinates service on [/world/warehouse/set_spherical_coordinates]
(2024-12-08T14:06:27.77449398) (2024-12-08T14:06:27.77458678) [Msg] Enable collision service on [/world/warehouse/enable_collision]
(2024-12-08T14:06:27.77570987) (2024-12-08T14:06:27.77579939) [Msg] Disable collision service on [/world/warehouse/disable_collision]
(2024-12-08T14:06:27.77870400) (2024-12-08T14:06:27.77879264) [Msg] Material service on [/world/warehouse/visual_config]
(2024-12-08T14:06:27.78055725) (2024-12-08T14:06:27.78064562) [Msg] Material service on [/world/warehouse/wheel_slip]
(2024-12-08T14:06:27.78120232) (2024-12-08T14:06:27.78130779) [Dbg] [SystemManager.cc:70] Loaded system [ignition::gazebo::systems::UserCommands] for entity [1]
(2024-12-08T14:06:27.89256675) (2024-12-08T14:06:27.89272319) [Dbg] [SystemManager.cc:70] Loaded system [ignition::gazebo::systems::SceneBroadcaster] for entity [1]
(2024-12-08T14:06:27.97781724) (2024-12-08T14:06:27.97820464) [Msg] Loaded level [3]
(2024-12-08T14:06:27.107039815) (2024-12-08T14:06:27.107059668) [Msg] Serving world controls on [/world/warehouse/control], [/world/warehouse/control/state] and [/world/warehouse/playback/control]
(2024-12-08T14:06:27.111699517) (2024-12-08T14:06:27.111712262) [Msg] Serving GUI information on [/world/warehouse/gui/info]
(2024-12-08T14:06:27.111761172) (2024-12-08T14:06:27.111769490) [Msg] World [warehouse] initialized with [default_physics] physics profile.
(2024-12-08T14:06:27.112056655) (2024-12-08T14:06:27.112067128) [Msg] Serving world SDF generation service on [/world/warehouse/generate_world_sdf]
(2024-12-08T14:06:27.112262774) (2024-12-08T14:06:27.112272414) [Msg] Serving world names on [/gazebo/worlds]
(2024-12-08T14:06:27.112411880) (2024-12-08T14:06:27.112421310) [Msg] Resource path add service on [/gazebo/resource_paths/add].
(2024-12-08T14:06:27.112547016) (2024-12-08T14:06:27.112556064) [Msg] Resource path get service on [/gazebo/resource_paths/get].
(2024-12-08T14:06:27.112671126) (2024-12-08T14:06:27.112680298) [Msg] Resource path resolve service on [/gazebo/resource_paths/resolve].
(2024-12-08T14:06:27.112901837) (2024-12-08T14:06:27.112911505) [Msg] Resource paths published on [/gazebo/resource_paths].
(2024-12-08T14:06:27.113107803) (2024-12-08T14:06:27.113117919) [Msg] Server control service on [/server_control].
(2024-12-08T14:06:27.113342575) (2024-12-08T14:06:27.113352786) [Msg] Found no publishers on /stats, adding root stats topic
(2024-12-08T14:06:27.118516503) (2024-12-08T14:06:27.118542706) [Msg] Found no publishers on /clock, adding root clock topic
(2024-12-08T14:06:27.219655321) (2024-12-08T14:06:27.219666822) [Dbg] [SimulationRunner.cc:496] Creating PostUpdate worker threads: 2
(2024-12-08T14:06:27.219707300) (2024-12-08T14:06:27.219715085) [Dbg] [SimulationRunner.cc:507] Creating postupdate worker thread (0)
(2024-12-08T14:06:27.318049978) (2024-12-08T14:06:27.318062673) [Wrn] [OBJLoader.cc:91] Both `d` and `Tr` parameters defined for "Chair". Use the value of `d` for dissolve (line 8 in .mtl.)

(2024-12-08T14:06:27.339645504) (2024-12-08T14:06:27.339658795) [Dbg] [SimulationFeatures.cc:71] Simulation timestep set to: 0.003
(2024-12-08T14:06:27.428275958) (2024-12-08T14:06:27.428288786) [Msg] Serving scene information on [/world/warehouse/scene/info]
(2024-12-08T14:06:27.430874875) (2024-12-08T14:06:27.430889769) [Msg] Serving graph information on [/world/warehouse/scene/graph]
(2024-12-08T14:06:27.431257176) (2024-12-08T14:06:27.431267797) [Msg] Serving full state on [/world/warehouse/state]
(2024-12-08T14:06:27.440236291) (2024-12-08T14:06:27.440250717) [Msg] Serving full state (async) on [/world/warehouse/state_async]
(2024-12-08T14:06:27.544083603) (2024-12-08T14:06:27.544098393) [Msg] Publishing scene information on [/world/warehouse/scene/info]
(2024-12-08T14:06:27.544971621) (2024-12-08T14:06:27.544987644) [Msg] Publishing entity deletions on [/world/warehouse/scene/deletion]
(2024-12-08T14:06:27.545532457) (2024-12-08T14:06:27.545544460) [Msg] Publishing state changes on [/world/warehouse/state]
(2024-12-08T14:06:27.547771569) (2024-12-08T14:06:27.547785012) [Msg] Publishing pose messages on [/world/warehouse/pose/info]
(2024-12-08T14:06:27.548028446) (2024-12-08T14:06:27.548037974) [Msg] Publishing dynamic pose messages on [/world/warehouse/dynamic_pose/info]
(2024-12-08T14:06:27.548710551) (2024-12-08T14:06:27.548721022) [Dbg] [EntityComponentManager.cc:1623] Updated state thread iterators: 4 threads processing around 34 entities each.
(2024-12-08T14:06:27.549168950) (2024-12-08T14:06:27.549179576) [Wrn] [Model.hh:69] Skipping serialization / deserialization for models with //pose/@relative_to attribute.
(2024-12-08T14:06:27.549784498) (2024-12-08T14:06:27.549795371) [Wrn] [Component.hh:144] Trying to serialize component with data type [N3sdf3v125WorldE], which doesn't have `operator<<`. Component will not be serialized.
(2024-12-08T14:06:28.35722103) (2024-12-08T14:06:28.35734187) [Dbg] [UserCommands.cc:1303] Created entity [136] named [turtlebot4]
(2024-12-08T14:06:28.241194215) (2024-12-08T14:06:28.241209094) [Dbg] [SystemManager.cc:70] Loaded system [ignition::gazebo::systems::PosePublisher] for entity [153]
(2024-12-08T14:06:28.241453512) (2024-12-08T14:06:28.241464437) [Dbg] [UserCommands.cc:1303] Created entity [153] named [standard_dock]
(2024-12-08T14:06:28.264139472) (2024-12-08T14:06:28.264154707) [Dbg] [SimulationRunner.cc:523] Exiting postupdate worker thread (0)
(2024-12-08T14:06:28.264951850) (2024-12-08T14:06:28.264961860) [Dbg] [SimulationRunner.cc:496] Creating PostUpdate worker threads: 3
(2024-12-08T14:06:28.265001725) (2024-12-08T14:06:28.265008368) [Dbg] [SimulationRunner.cc:507] Creating postupdate worker thread (0)
(2024-12-08T14:06:28.265099945) (2024-12-08T14:06:28.265107347) [Dbg] [SimulationRunner.cc:507] Creating postupdate worker thread (1)
(2024-12-08T14:12:34.637049866) (2024-12-08T14:12:34.637065306) [Dbg] [SignalHandler.cc:141] Received signal[2].
(2024-12-08T14:12:34.637185871) (2024-12-08T14:12:34.637195433) [Dbg] [ServerPrivate.cc:110] Server received signal[2]
(2024-12-08T14:12:34.638163980) (2024-12-08T14:12:34.638178386) [Dbg] [gz.cc:410] Shutting down ign-gazebo-server
(2024-12-08T14:12:34.644141137) (2024-12-08T14:12:34.644160812) [Dbg] [SimulationRunner.cc:523] Exiting postupdate worker thread (Exiting postupdate worker thread ((2024-12-08T14:12:34.644418208) (2024-12-08T14:12:34.644432597) Exiting postupdate worker thread ([Dbg] [SimulationRunner.cc:523] Exiting postupdate worker thread (0)
1)
