14:06:38: Creating resource group General
14:06:38: Creating resource group Internal
14:06:38: Creating resource group Autodetect
14:06:38: SceneManagerFactory for type 'DefaultSceneManager' registered.
14:06:38: Registering ResourceManager for type Material
14:06:38: Registering ResourceManager for type Mesh
14:06:38: Registering ResourceManager for type Mesh2
14:06:38: Registering ResourceManager for type OldSkeleton
14:06:38: MovableObjectFactory for type 'ParticleSystem' registered.
14:06:38: ArchiveFactory for archive type FileSystem registered.
14:06:38: ArchiveFactory for archive type Zip registered.
14:06:38: ArchiveFactory for archive type EmbeddedZip registered.
14:06:38: DDS codec registering
14:06:38: FreeImage version: 3.18.0
14:06:38: This program uses FreeImage, a free, open source image library supporting all common bitmap formats. See http://freeimage.sourceforge.net for details
14:06:38: Supported formats: bmp,ico,jpg,jif,jpeg,jpe,jng,koa,iff,lbm,mng,pbm,pbm,pcd,pcx,pgm,pgm,png,ppm,ppm,ras,tga,targa,tif,tiff,wap,wbmp,wbm,psd,psb,cut,xbm,xpm,gif,hdr,g3,sgi,rgb,rgba,bw,exr,j2k,j2c,jp2,pfm,pct,pict,pic,3fr,arw,bay,bmq,cap,cine,cr2,crw,cs1,dc2,dcr,drf,dsc,dng,erf,fff,ia,iiq,k25,kc2,kdc,mdc,mef,mos,mrw,nef,nrw,orf,pef,ptx,pxn,qtk,raf,raw,rdc,rw2,rwl,rwz,sr2,srf,srw,sti,x3f,webp,jxr,wdp,hdp
14:06:38: OITD codec registering
14:06:38: Registering ResourceManager for type HighLevelGpuProgram
14:06:38: MovableObjectFactory for type 'Decal' registered.
14:06:38: MovableObjectFactory for type 'InternalCubemapProbe' registered.
14:06:38: MovableObjectFactory for type 'Entity' registered.
14:06:38: MovableObjectFactory for type 'Item' registered.
14:06:38: MovableObjectFactory for type 'Light' registered.
14:06:38: MovableObjectFactory for type 'Rectangle2Dv2' registered.
14:06:38: MovableObjectFactory for type 'BillboardSet' registered.
14:06:38: MovableObjectFactory for type 'ManualObject2' registered.
14:06:38: MovableObjectFactory for type 'BillboardChain' registered.
14:06:38: MovableObjectFactory for type 'RibbonTrail' registered.
14:06:38: MovableObjectFactory for type 'WireAabb' registered.
14:06:38: *-*-* OGRE Initialising
14:06:38: *-*-* Version 2.2.5 (Cerberus)
14:06:38: OverlayElementFactory for type Panel registered.
14:06:38: OverlayElementFactory for type BorderPanel registered.
14:06:38: OverlayElementFactory for type TextArea registered.
14:06:38: Registering ResourceManager for type Font
14:06:38: Loading library /usr/lib/x86_64-linux-gnu/OGRE-Next/RenderSystem_GL3Plus.so
14:06:38: Installing plugin: GL 3+ RenderSystem
14:06:38: OpenGL 3+ Rendering Subsystem created.
14:06:38: Found Num EGL Devices: 3
14:06:38: EGL Device: EGL_EXT_device_drm EGL_EXT_device_drm_render_node #0 /dev/dri/card2
14:06:38: Trying to init device: EGL_EXT_device_drm EGL_EXT_device_drm_render_node #0 /dev/dri/card2...
14:06:39: Created GL 4.5 context for device EGL_EXT_device_drm EGL_EXT_device_drm_render_node #0 /dev/dri/card2
14:06:39: Destroying device: EGL_EXT_device_drm EGL_EXT_device_drm_render_node #0 /dev/dri/card2...
14:06:39: EGL Device: EGL_EXT_device_drm EGL_EXT_device_drm_render_node #1 /dev/dri/card1
14:06:39: Trying to init device: EGL_EXT_device_drm EGL_EXT_device_drm_render_node #1 /dev/dri/card1...
14:06:39: Created GL 4.5 context for device EGL_EXT_device_drm EGL_EXT_device_drm_render_node #1 /dev/dri/card1
14:06:39: Destroying device: EGL_EXT_device_drm EGL_EXT_device_drm_render_node #1 /dev/dri/card1...
14:06:39: EGL Device: EGL_MESA_device_software EGL_EXT_device_drm_render_node #2
14:06:39: Trying to init device: EGL_MESA_device_software EGL_EXT_device_drm_render_node #2...
14:06:39: Created GL 4.5 context for device EGL_MESA_device_software EGL_EXT_device_drm_render_node #2
14:06:39: Destroying device: EGL_MESA_device_software EGL_EXT_device_drm_render_node #2...
14:06:39: Plugin successfully installed
14:06:39: Loading library /usr/lib/x86_64-linux-gnu/OGRE-Next/Plugin_ParticleFX.so
14:06:39: Installing plugin: ParticleFX
14:06:39: Particle Emitter Type 'Point' registered
14:06:39: Particle Emitter Type 'Box' registered
14:06:39: Particle Emitter Type 'Ellipsoid' registered
14:06:39: Particle Emitter Type 'Cylinder' registered
14:06:39: Particle Emitter Type 'Ring' registered
14:06:39: Particle Emitter Type 'HollowEllipsoid' registered
14:06:39: Particle Affector Type 'LinearForce' registered
14:06:39: Particle Affector Type 'ColourFader' registered
14:06:39: Particle Affector Type 'ColourFader2' registered
14:06:39: Particle Affector Type 'ColourImage' registered
14:06:39: Particle Affector Type 'ColourInterpolator' registered
14:06:39: Particle Affector Type 'Scaler' registered
14:06:39: Particle Affector Type 'Rotator' registered
14:06:39: Particle Affector Type 'DirectionRandomiser' registered
14:06:39: Particle Affector Type 'DeflectorPlane' registered
14:06:39: Plugin successfully installed
14:06:39: CPU Identifier & Features
14:06:39: -------------------------
14:06:39:  *   CPU ID: GenuineIntel: Intel(R) Core(TM) i7-7500U CPU @ 2.70GHz
14:06:39:  *   Logical cores: 4
14:06:39:  *      SSE: yes
14:06:39:  *     SSE2: yes
14:06:39:  *     SSE3: yes
14:06:39:  *      MMX: yes
14:06:39:  *   MMXEXT: yes
14:06:39:  *    3DNOW: no
14:06:39:  * 3DNOWEXT: no
14:06:39:  *     CMOV: yes
14:06:39:  *      TSC: yes
14:06:39:  *      FPU: yes
14:06:39:  *      PRO: yes
14:06:39:  *       HT: no
14:06:39: -------------------------
14:06:39: ******************************
*** Starting GLX Subsystem ***
******************************
14:06:39: GL3PlusRenderSystem::_createRenderWindow "OgreWindow(0)_0", 1x1 windowed  miscParams: FSAA=0 border=none contentScalingFactor=1.000000 currentGLContext=true externalGLControl=true gamma=Yes parentWindowHandle=41943066 stereoMode=Frame Sequential 
14:06:39: GLXWindow::create used FBConfigID = 440
14:06:39: GL Version = 4.6.0.0
14:06:39: GL_VERSION = 4.6 (Core Profile) Mesa 23.2.1-1ubuntu3.1~22.04.2
14:06:39: GL_VENDOR = Intel
14:06:39: GL_RENDERER = Mesa Intel(R) HD Graphics 620 (KBL GT2)
14:06:39: GL_EXTENSIONS = 
14:06:39: GL_3DFX_texture_compression_FXT1
14:06:39: GL_AMD_conservative_depth
14:06:39: GL_AMD_depth_clamp_separate
14:06:39: GL_AMD_draw_buffers_blend
14:06:39: GL_AMD_gpu_shader_int64
14:06:39: GL_AMD_multi_draw_indirect
14:06:39: GL_AMD_performance_monitor
14:06:39: GL_AMD_pinned_memory
14:06:39: GL_AMD_query_buffer_object
14:06:39: GL_AMD_seamless_cubemap_per_texture
14:06:39: GL_AMD_shader_stencil_export
14:06:39: GL_AMD_shader_trinary_minmax
14:06:39: GL_AMD_texture_texture4
14:06:39: GL_AMD_vertex_shader_layer
14:06:39: GL_AMD_vertex_shader_viewport_index
14:06:39: GL_ANGLE_texture_compression_dxt3
14:06:39: GL_ANGLE_texture_compression_dxt5
14:06:39: GL_ARB_ES2_compatibility
14:06:39: GL_ARB_ES3_1_compatibility
14:06:39: GL_ARB_ES3_2_compatibility
14:06:39: GL_ARB_ES3_compatibility
14:06:39: GL_ARB_arrays_of_arrays
14:06:39: GL_ARB_base_instance
14:06:39: GL_ARB_blend_func_extended
14:06:39: GL_ARB_buffer_storage
14:06:39: GL_ARB_clear_buffer_object
14:06:39: GL_ARB_clear_texture
14:06:39: GL_ARB_clip_control
14:06:39: GL_ARB_compressed_texture_pixel_storage
14:06:39: GL_ARB_compute_shader
14:06:39: GL_ARB_compute_variable_group_size
14:06:39: GL_ARB_conditional_render_inverted
14:06:39: GL_ARB_conservative_depth
14:06:39: GL_ARB_copy_buffer
14:06:39: GL_ARB_copy_image
14:06:39: GL_ARB_cull_distance
14:06:39: GL_ARB_debug_output
14:06:39: GL_ARB_depth_buffer_float
14:06:39: GL_ARB_depth_clamp
14:06:39: GL_ARB_derivative_control
14:06:39: GL_ARB_direct_state_access
14:06:39: GL_ARB_draw_buffers
14:06:39: GL_ARB_draw_buffers_blend
14:06:39: GL_ARB_draw_elements_base_vertex
14:06:39: GL_ARB_draw_indirect
14:06:39: GL_ARB_draw_instanced
14:06:39: GL_ARB_enhanced_layouts
14:06:39: GL_ARB_explicit_attrib_location
14:06:39: GL_ARB_explicit_uniform_location
14:06:39: GL_ARB_fragment_coord_conventions
14:06:39: GL_ARB_fragment_layer_viewport
14:06:39: GL_ARB_fragment_shader
14:06:39: GL_ARB_fragment_shader_interlock
14:06:39: GL_ARB_framebuffer_no_attachments
14:06:39: GL_ARB_framebuffer_object
14:06:39: GL_ARB_framebuffer_sRGB
14:06:39: GL_ARB_get_program_binary
14:06:39: GL_ARB_get_texture_sub_image
14:06:39: GL_ARB_gl_spirv
14:06:39: GL_ARB_gpu_shader5
14:06:39: GL_ARB_gpu_shader_fp64
14:06:39: GL_ARB_gpu_shader_int64
14:06:39: GL_ARB_half_float_pixel
14:06:39: GL_ARB_half_float_vertex
14:06:39: GL_ARB_indirect_parameters
14:06:39: GL_ARB_instanced_arrays
14:06:39: GL_ARB_internalformat_query
14:06:39: GL_ARB_internalformat_query2
14:06:39: GL_ARB_invalidate_subdata
14:06:39: GL_ARB_map_buffer_alignment
14:06:39: GL_ARB_map_buffer_range
14:06:39: GL_ARB_multi_bind
14:06:39: GL_ARB_multi_draw_indirect
14:06:39: GL_ARB_occlusion_query2
14:06:39: GL_ARB_parallel_shader_compile
14:06:39: GL_ARB_pipeline_statistics_query
14:06:39: GL_ARB_pixel_buffer_object
14:06:39: GL_ARB_point_sprite
14:06:39: GL_ARB_polygon_offset_clamp
14:06:39: GL_ARB_post_depth_coverage
14:06:39: GL_ARB_program_interface_query
14:06:39: GL_ARB_provoking_vertex
14:06:39: GL_ARB_query_buffer_object
14:06:39: GL_ARB_robust_buffer_access_behavior
14:06:39: GL_ARB_robustness
14:06:39: GL_ARB_sample_shading
14:06:39: GL_ARB_sampler_objects
14:06:39: GL_ARB_seamless_cube_map
14:06:39: GL_ARB_seamless_cubemap_per_texture
14:06:39: GL_ARB_separate_shader_objects
14:06:39: GL_ARB_shader_atomic_counter_ops
14:06:39: GL_ARB_shader_atomic_counters
14:06:39: GL_ARB_shader_ballot
14:06:39: GL_ARB_shader_bit_encoding
14:06:39: GL_ARB_shader_clock
14:06:39: GL_ARB_shader_draw_parameters
14:06:39: GL_ARB_shader_group_vote
14:06:39: GL_ARB_shader_image_load_store
14:06:39: GL_ARB_shader_image_size
14:06:39: GL_ARB_shader_objects
14:06:39: GL_ARB_shader_precision
14:06:39: GL_ARB_shader_stencil_export
14:06:39: GL_ARB_shader_storage_buffer_object
14:06:39: GL_ARB_shader_subroutine
14:06:39: GL_ARB_shader_texture_image_samples
14:06:39: GL_ARB_shader_texture_lod
14:06:39: GL_ARB_shader_viewport_layer_array
14:06:39: GL_ARB_shading_language_420pack
14:06:39: GL_ARB_shading_language_include
14:06:39: GL_ARB_shading_language_packing
14:06:39: GL_ARB_spirv_extensions
14:06:39: GL_ARB_stencil_texturing
14:06:39: GL_ARB_sync
14:06:39: GL_ARB_tessellation_shader
14:06:39: GL_ARB_texture_barrier
14:06:39: GL_ARB_texture_buffer_object
14:06:39: GL_ARB_texture_buffer_object_rgb32
14:06:39: GL_ARB_texture_buffer_range
14:06:39: GL_ARB_texture_compression_bptc
14:06:39: GL_ARB_texture_compression_rgtc
14:06:39: GL_ARB_texture_cube_map_array
14:06:39: GL_ARB_texture_filter_anisotropic
14:06:39: GL_ARB_texture_float
14:06:39: GL_ARB_texture_gather
14:06:39: GL_ARB_texture_mirror_clamp_to_edge
14:06:39: GL_ARB_texture_multisample
14:06:39: GL_ARB_texture_non_power_of_two
14:06:39: GL_ARB_texture_query_levels
14:06:39: GL_ARB_texture_query_lod
14:06:39: GL_ARB_texture_rectangle
14:06:39: GL_ARB_texture_rg
14:06:39: GL_ARB_texture_rgb10_a2ui
14:06:39: GL_ARB_texture_stencil8
14:06:39: GL_ARB_texture_storage
14:06:39: GL_ARB_texture_storage_multisample
14:06:39: GL_ARB_texture_swizzle
14:06:39: GL_ARB_texture_view
14:06:39: GL_ARB_timer_query
14:06:39: GL_ARB_transform_feedback2
14:06:39: GL_ARB_transform_feedback3
14:06:39: GL_ARB_transform_feedback_instanced
14:06:39: GL_ARB_transform_feedback_overflow_query
14:06:39: GL_ARB_uniform_buffer_object
14:06:39: GL_ARB_vertex_array_bgra
14:06:39: GL_ARB_vertex_array_object
14:06:39: GL_ARB_vertex_attrib_64bit
14:06:39: GL_ARB_vertex_attrib_binding
14:06:39: GL_ARB_vertex_buffer_object
14:06:39: GL_ARB_vertex_shader
14:06:39: GL_ARB_vertex_type_10f_11f_11f_rev
14:06:39: GL_ARB_vertex_type_2_10_10_10_rev
14:06:39: GL_ARB_viewport_array
14:06:39: GL_ATI_blend_equation_separate
14:06:39: GL_ATI_texture_float
14:06:39: GL_EXT_EGL_image_storage
14:06:39: GL_EXT_EGL_sync
14:06:39: GL_EXT_abgr
14:06:39: GL_EXT_blend_equation_separate
14:06:39: GL_EXT_debug_label
14:06:39: GL_EXT_demote_to_helper_invocation
14:06:39: GL_EXT_draw_buffers2
14:06:39: GL_EXT_draw_instanced
14:06:39: GL_EXT_framebuffer_blit
14:06:39: GL_EXT_framebuffer_multisample
14:06:39: GL_EXT_framebuffer_multisample_blit_scaled
14:06:39: GL_EXT_framebuffer_object
14:06:39: GL_EXT_framebuffer_sRGB
14:06:39: GL_EXT_memory_object
14:06:39: GL_EXT_memory_object_fd
14:06:39: GL_EXT_packed_depth_stencil
14:06:39: GL_EXT_packed_float
14:06:39: GL_EXT_pixel_buffer_object
14:06:39: GL_EXT_polygon_offset_clamp
14:06:39: GL_EXT_provoking_vertex
14:06:39: GL_EXT_semaphore
14:06:39: GL_EXT_semaphore_fd
14:06:39: GL_EXT_shader_framebuffer_fetch
14:06:39: GL_EXT_shader_framebuffer_fetch_non_coherent
14:06:39: GL_EXT_shader_integer_mix
14:06:39: GL_EXT_shader_samples_identical
14:06:39: GL_EXT_texture_array
14:06:39: GL_EXT_texture_compression_dxt1
14:06:39: GL_EXT_texture_compression_rgtc
14:06:39: GL_EXT_texture_compression_s3tc
14:06:39: GL_EXT_texture_filter_anisotropic
14:06:39: GL_EXT_texture_integer
14:06:39: GL_EXT_texture_sRGB
14:06:39: GL_EXT_texture_sRGB_R8
14:06:39: GL_EXT_texture_sRGB_decode
14:06:39: GL_EXT_texture_shadow_lod
14:06:39: GL_EXT_texture_shared_exponent
14:06:39: GL_EXT_texture_snorm
14:06:39: GL_EXT_texture_swizzle
14:06:39: GL_EXT_timer_query
14:06:39: GL_EXT_transform_feedback
14:06:39: GL_EXT_vertex_array_bgra
14:06:39: GL_EXT_vertex_attrib_64bit
14:06:39: GL_IBM_multimode_draw_arrays
14:06:39: GL_INTEL_blackhole_render
14:06:39: GL_INTEL_conservative_rasterization
14:06:39: GL_INTEL_performance_query
14:06:39: GL_INTEL_shader_atomic_float_minmax
14:06:39: GL_INTEL_shader_integer_functions2
14:06:39: GL_KHR_blend_equation_advanced
14:06:39: GL_KHR_blend_equation_advanced_coherent
14:06:39: GL_KHR_context_flush_control
14:06:39: GL_KHR_debug
14:06:39: GL_KHR_no_error
14:06:39: GL_KHR_parallel_shader_compile
14:06:39: GL_KHR_robust_buffer_access_behavior
14:06:39: GL_KHR_robustness
14:06:39: GL_KHR_texture_compression_astc_ldr
14:06:39: GL_KHR_texture_compression_astc_sliced_3d
14:06:39: GL_MESA_framebuffer_flip_y
14:06:39: GL_MESA_pack_invert
14:06:39: GL_MESA_shader_integer_functions
14:06:39: GL_MESA_texture_signed_rgba
14:06:39: GL_NV_alpha_to_coverage_dither_control
14:06:39: GL_NV_compute_shader_derivatives
14:06:39: GL_NV_conditional_render
14:06:39: GL_NV_copy_image
14:06:39: GL_NV_depth_clamp
14:06:39: GL_NV_fragment_shader_interlock
14:06:39: GL_NV_packed_depth_stencil
14:06:39: GL_NV_texture_barrier
14:06:39: GL_OES_EGL_image
14:06:39: GL_S3_s3tc
14:06:39: **************************************
14:06:39: ***   OpenGL 3+ Renderer Started   ***
14:06:39: **************************************
14:06:39: Registering ResourceManager for type GpuProgram
14:06:39: RenderSystem capabilities
14:06:39: -------------------------
14:06:39: RenderSystem Name: OpenGL 3+ Rendering Subsystem
14:06:39: GPU Vendor: intel
14:06:39: Device Name: Mesa Intel(R) HD Graphics 620 (KBL GT2)
14:06:39: Driver Version: 4.6.0.0
14:06:39:  * Fixed function pipeline: no
14:06:39:  * Hardware generation of mipmaps: no
14:06:39:  * Texture blending: yes
14:06:39:  * Anisotropic texture filtering: yes
14:06:39:  * Dot product texture operation: yes
14:06:39:  * Cube mapping: yes
14:06:39:  * Hardware stencil buffer: yes
14:06:39:    - Stencil depth: 8
14:06:39:    - Two sided stencil support: yes
14:06:39:    - Wrap stencil values: yes
14:06:39:  * Hardware vertex / index buffers: yes
14:06:39:  * 32-bit index buffers: yes
14:06:39:  * Vertex programs: yes
14:06:39:  * Number of floating-point constants for vertex programs: 16384
14:06:39:  * Number of integer constants for vertex programs: 16384
14:06:39:  * Number of boolean constants for vertex programs: 16384
14:06:39:  * Fragment programs: yes
14:06:39:  * Number of floating-point constants for fragment programs: 16384
14:06:39:  * Number of integer constants for fragment programs: 16384
14:06:39:  * Number of boolean constants for fragment programs: 16384
14:06:39:  * Geometry programs: yes
14:06:39:  * Number of floating-point constants for geometry programs: 16384
14:06:39:  * Number of integer constants for geometry programs: 16384
14:06:39:  * Number of boolean constants for geometry programs: 16384
14:06:39:  * Tessellation Hull programs: yes
14:06:39:  * Number of floating-point constants for tessellation hull programs: 16384
14:06:39:  * Number of integer constants for tessellation hull programs: 16384
14:06:39:  * Number of boolean constants for tessellation hull programs: 16384
14:06:39:  * Tessellation Domain programs: yes
14:06:39:  * Number of floating-point constants for tessellation domain programs: 16384
14:06:39:  * Number of integer constants for tessellation domain programs: 16384
14:06:39:  * Number of boolean constants for tessellation domain programs: 16384
14:06:39:  * Compute programs: yes
14:06:39:  * Number of floating-point constants for compute programs: 16384
14:06:39:  * Number of integer constants for compute programs: 16384
14:06:39:  * Number of boolean constants for compute programs: 16384
14:06:39:  * Supported Shader Profiles: glsl glsl130 glsl140 glsl150 glsl330 glsl400 glsl410 glsl420 glsl430 glsl440
14:06:39:  * Texture Compression: yes
14:06:39:    - DXT: yes
14:06:39:    - VTC: no
14:06:39:    - PVRTC: no
14:06:39:    - ATC: no
14:06:39:    - ETC1: no
14:06:39:    - ETC2: yes
14:06:39:    - BC4/BC5: yes
14:06:39:    - BC6H/BC7: yes
14:06:39:    - ASTC: yes
14:06:39:  * Hardware Occlusion Query: yes
14:06:39:  * User clip planes: yes
14:06:39:  * VET_UBYTE4 vertex element type: yes
14:06:39:  * Infinite far plane projection: yes
14:06:39:  * Hardware render-to-texture: yes
14:06:39:  * Floating point textures: yes
14:06:39:  * Non-power-of-two textures: yes
14:06:39:  * 1d textures: yes
14:06:39:  * Volume textures: yes
14:06:39:  * Max Texture resolution (2D) 16384
14:06:39:  * Max Texture resolution (3D) 2048
14:06:39:  * Max Texture resolution (Cubemaps) 16384
14:06:39:  * Multiple Render Targets: 8
14:06:39:    - With different bit depths: yes
14:06:39:  * Point Sprites: yes
14:06:39:  * Extended point parameters: yes
14:06:39:  * Max Point Size: 255
14:06:39:  * Vertex texture fetch: yes
14:06:39:  * Number of world matrices: 0
14:06:39:  * Number of texture units: 16
14:06:39:  * Stencil buffer depth: 8
14:06:39:  * Number of vertex blend matrices: 0
14:06:39:    - Max vertex textures: 32
14:06:39:    - Vertex textures shared: yes
14:06:39:  * Render to Vertex Buffer : yes
14:06:39:  * Hardware Atomic Counters: yes
14:06:39:  * Compute max threads per threadgroup per axis: 1024, 1024, 64
14:06:39:  * Compute max threads per threadgroup total: 1024
14:06:39:  * GL 1.5 without VBO workaround: no
14:06:39:  * Frame Buffer objects: yes
14:06:39:  * Frame Buffer objects (ARB extension): no
14:06:39:  * Frame Buffer objects (ATI extension): no
14:06:39:  * PBuffer support: no
14:06:39:  * GL 1.5 without HW-occlusion workaround: no
14:06:39:  * Vertex Array Objects: yes
14:06:39:  * Separate shader objects: no
14:06:39:  * Using Reverse Z: yes
14:06:39: DefaultWorkQueue('Root') initialising on thread main.
14:06:39: Particle Renderer Type 'billboard' registered
14:06:39: Added resource location '/usr/share/ignition/ignition-rendering6/ogre2/media/2.0/scripts/Compositors' of type 'FileSystem' to resource group 'General'
14:06:39: Added resource location '/usr/share/ignition/ignition-rendering6/ogre2/media/2.0/scripts/materials/Common' of type 'FileSystem' to resource group 'General'
14:06:39: Added resource location '/usr/share/ignition/ignition-rendering6/ogre2/media/2.0/scripts/materials/Common/GLSL' of type 'FileSystem' to resource group 'General'
14:06:39: Added resource location '/usr/share/ignition/ignition-rendering6/ogre2/media/2.0/scripts/materials/Common/GLSLES' of type 'FileSystem' to resource group 'General'
14:06:39: Added resource location '/usr/share/ignition/ignition-rendering6/ogre2/media/2.0/scripts/materials/Terra' of type 'FileSystem' to resource group 'General'
14:06:39: Added resource location '/usr/share/ignition/ignition-rendering6/ogre2/media/2.0/scripts/materials/Terra/GLSL' of type 'FileSystem' to resource group 'General'
14:06:39: Added resource location '/usr/share/ignition/ignition-rendering6/ogre2/media' of type 'FileSystem' to resource group 'General'
14:06:39: Added resource location '/usr/share/ignition/ignition-rendering6/ogre2/media/materials/programs' of type 'FileSystem' to resource group 'General'
14:06:39: Added resource location '/usr/share/ignition/ignition-rendering6/ogre2/media/materials/programs/GLSL' of type 'FileSystem' to resource group 'General'
14:06:39: Added resource location '/usr/share/ignition/ignition-rendering6/ogre2/media/materials/programs/Metal' of type 'FileSystem' to resource group 'General'
14:06:39: Added resource location '/usr/share/ignition/ignition-rendering6/ogre2/media/materials/scripts' of type 'FileSystem' to resource group 'General'
14:06:39: Added resource location '/usr/share/ignition/ignition-rendering6/ogre2/media/materials/textures' of type 'FileSystem' to resource group 'General'
14:06:39: Parsing scripts for resource group Autodetect
14:06:39: Finished parsing scripts for resource group Autodetect
14:06:39: Creating resources for group Autodetect
14:06:39: All done
14:06:39: Parsing scripts for resource group General
14:06:39: Parsing script Quad.program
14:06:39: Parsing script DepthUtils.material
14:06:39: Parsing script EsmGaussianBlurLogFilter.material
14:06:39: Parsing script DPSM.material
14:06:39: Parsing script Copyback.material
14:06:39: Parsing script GpuNormalMapper.material
14:06:39: Parsing script depth_camera.material
14:06:39: Parsing script thermal.material
14:06:39: Parsing script selection_buffer.material
14:06:39: Parsing script gaussian_noise.material
14:06:39: Parsing script point_cloud_point.material
14:06:39: Parsing script gpu_rays.material
14:06:39: Parsing script picker.material
14:06:39: Parsing script skybox.material
14:06:39: Parsing script GpuNormalMapper.compositor
14:06:39: Parsing script TerraShadowGenerator.compositor
14:06:39: Parsing script Mipmaps.material.json
14:06:39: Parsing script EsmGaussianBlurLogFilter.material.json
14:06:39: Parsing script TerraShadowGenerator.material.json
14:06:39: Finished parsing scripts for resource group General
14:06:39: Creating resources for group General
14:06:39: All done
14:06:39: Parsing scripts for resource group Internal
14:06:39: Finished parsing scripts for resource group Internal
14:06:39: Creating resources for group Internal
14:06:39: All done
14:06:39: Added resource location '/usr/share/ignition/ignition-rendering6/media/materials/textures/' of type 'FileSystem' to resource group 'General'
14:06:39: Added resource location '/home/gerard/.ignition/fuel/fuel.gazebosim.org/openrobotics/models/warehouse/5/meshes' of type 'FileSystem' to resource group 'General' with recursive option
14:06:39: Initialising resource group General
14:06:39: Added resource location '/home/gerard/.ignition/fuel/fuel.gazebosim.org/openrobotics/models/warehouse/5/meshes/' of type 'FileSystem' to resource group 'General'
14:06:40: Can't assign material scene::Material(65460) because this Material does not exist. Have you forgotten to define it in a .material script?
14:06:40: Can't assign material scene::Material(65459) because this Material does not exist. Have you forgotten to define it in a .material script?
14:06:40: Can't assign material scene::Material(65458) because this Material does not exist. Have you forgotten to define it in a .material script?
14:06:40: Can't assign material scene::Material(65457) because this Material does not exist. Have you forgotten to define it in a .material script?
14:06:40: Can't assign material scene::Material(65456) because this Material does not exist. Have you forgotten to define it in a .material script?
14:06:40: Can't assign material scene::Material(65455) because this Material does not exist. Have you forgotten to define it in a .material script?
14:06:40: Can't assign material scene::Material(65454) because this Material does not exist. Have you forgotten to define it in a .material script?
14:06:40: Can't assign material scene::Material(65453) because this Material does not exist. Have you forgotten to define it in a .material script?
14:06:40: Can't assign material scene::Material(65452) because this Material does not exist. Have you forgotten to define it in a .material script?
14:06:40: Can't assign material scene::Material(65451) because this Material does not exist. Have you forgotten to define it in a .material script?
14:06:40: Can't assign material scene::Material(65450) because this Material does not exist. Have you forgotten to define it in a .material script?
14:06:40: Can't assign material scene::Material(65449) because this Material does not exist. Have you forgotten to define it in a .material script?
14:06:40: Can't assign material scene::Material(65448) because this Material does not exist. Have you forgotten to define it in a .material script?
14:06:40: Can't assign material scene::Material(65419) because this Material does not exist. Have you forgotten to define it in a .material script?
14:06:40: Added resource location '/home/gerard/.ignition/fuel/fuel.gazebosim.org/movai/models/shelf_big/2/meshes' of type 'FileSystem' to resource group 'General' with recursive option
14:06:40: Initialising resource group General
14:06:40: Added resource location '/home/gerard/.ignition/fuel/fuel.gazebosim.org/movai/models/shelf_big/2/meshes/' of type 'FileSystem' to resource group 'General'
14:06:40: Texture memory budget exceeded. Stalling GPU.
14:06:40: Stalling was not enough. Freeing memory.
14:06:40: Can't assign material scene::Material(65414) because this Material does not exist. Have you forgotten to define it in a .material script?
14:06:40: Can't assign material scene::Material(65413) because this Material does not exist. Have you forgotten to define it in a .material script?
14:06:40: Can't assign material scene::Material(65412) because this Material does not exist. Have you forgotten to define it in a .material script?
14:06:40: Can't assign material scene::Material(65411) because this Material does not exist. Have you forgotten to define it in a .material script?
14:06:40: Can't assign material scene::Material(65414) because this Material does not exist. Have you forgotten to define it in a .material script?
14:06:40: Can't assign material scene::Material(65413) because this Material does not exist. Have you forgotten to define it in a .material script?
14:06:40: Can't assign material scene::Material(65412) because this Material does not exist. Have you forgotten to define it in a .material script?
14:06:40: Can't assign material scene::Material(65411) because this Material does not exist. Have you forgotten to define it in a .material script?
14:06:40: Can't assign material scene::Material(65414) because this Material does not exist. Have you forgotten to define it in a .material script?
14:06:40: Can't assign material scene::Material(65413) because this Material does not exist. Have you forgotten to define it in a .material script?
14:06:40: Can't assign material scene::Material(65412) because this Material does not exist. Have you forgotten to define it in a .material script?
14:06:40: Can't assign material scene::Material(65411) because this Material does not exist. Have you forgotten to define it in a .material script?
14:06:40: Added resource location '/home/gerard/.ignition/fuel/fuel.gazebosim.org/movai/models/shelf/1/meshes' of type 'FileSystem' to resource group 'General' with recursive option
14:06:40: Initialising resource group General
14:06:40: Added resource location '/home/gerard/.ignition/fuel/fuel.gazebosim.org/movai/models/shelf/1/meshes/' of type 'FileSystem' to resource group 'General'
14:06:40: Can't assign material scene::Material(65380) because this Material does not exist. Have you forgotten to define it in a .material script?
14:06:40: Can't assign material scene::Material(65379) because this Material does not exist. Have you forgotten to define it in a .material script?
14:06:40: Can't assign material scene::Material(65378) because this Material does not exist. Have you forgotten to define it in a .material script?
14:06:40: Can't assign material scene::Material(65377) because this Material does not exist. Have you forgotten to define it in a .material script?
14:06:40: Can't assign material scene::Material(65380) because this Material does not exist. Have you forgotten to define it in a .material script?
14:06:40: Can't assign material scene::Material(65379) because this Material does not exist. Have you forgotten to define it in a .material script?
14:06:40: Can't assign material scene::Material(65378) because this Material does not exist. Have you forgotten to define it in a .material script?
14:06:40: Can't assign material scene::Material(65377) because this Material does not exist. Have you forgotten to define it in a .material script?
14:06:40: Can't assign material scene::Material(65380) because this Material does not exist. Have you forgotten to define it in a .material script?
14:06:40: Can't assign material scene::Material(65379) because this Material does not exist. Have you forgotten to define it in a .material script?
14:06:40: Can't assign material scene::Material(65378) because this Material does not exist. Have you forgotten to define it in a .material script?
14:06:40: Can't assign material scene::Material(65377) because this Material does not exist. Have you forgotten to define it in a .material script?
14:06:40: Can't assign material scene::Material(65380) because this Material does not exist. Have you forgotten to define it in a .material script?
14:06:40: Can't assign material scene::Material(65379) because this Material does not exist. Have you forgotten to define it in a .material script?
14:06:40: Can't assign material scene::Material(65378) because this Material does not exist. Have you forgotten to define it in a .material script?
14:06:40: Can't assign material scene::Material(65377) because this Material does not exist. Have you forgotten to define it in a .material script?
14:06:40: Can't assign material scene::Material(65380) because this Material does not exist. Have you forgotten to define it in a .material script?
14:06:40: Can't assign material scene::Material(65379) because this Material does not exist. Have you forgotten to define it in a .material script?
14:06:40: Can't assign material scene::Material(65378) because this Material does not exist. Have you forgotten to define it in a .material script?
14:06:40: Can't assign material scene::Material(65377) because this Material does not exist. Have you forgotten to define it in a .material script?
14:06:40: Can't assign material scene::Material(65414) because this Material does not exist. Have you forgotten to define it in a .material script?
14:06:40: Can't assign material scene::Material(65413) because this Material does not exist. Have you forgotten to define it in a .material script?
14:06:40: Can't assign material scene::Material(65412) because this Material does not exist. Have you forgotten to define it in a .material script?
14:06:40: Can't assign material scene::Material(65411) because this Material does not exist. Have you forgotten to define it in a .material script?
14:06:40: Can't assign material scene::Material(65414) because this Material does not exist. Have you forgotten to define it in a .material script?
14:06:40: Can't assign material scene::Material(65413) because this Material does not exist. Have you forgotten to define it in a .material script?
14:06:40: Can't assign material scene::Material(65412) because this Material does not exist. Have you forgotten to define it in a .material script?
14:06:40: Can't assign material scene::Material(65411) because this Material does not exist. Have you forgotten to define it in a .material script?
14:06:40: Can't assign material scene::Material(65380) because this Material does not exist. Have you forgotten to define it in a .material script?
14:06:40: Can't assign material scene::Material(65379) because this Material does not exist. Have you forgotten to define it in a .material script?
14:06:40: Can't assign material scene::Material(65378) because this Material does not exist. Have you forgotten to define it in a .material script?
14:06:40: Can't assign material scene::Material(65377) because this Material does not exist. Have you forgotten to define it in a .material script?
14:06:40: Can't assign material scene::Material(65380) because this Material does not exist. Have you forgotten to define it in a .material script?
14:06:40: Can't assign material scene::Material(65379) because this Material does not exist. Have you forgotten to define it in a .material script?
14:06:40: Can't assign material scene::Material(65378) because this Material does not exist. Have you forgotten to define it in a .material script?
14:06:40: Can't assign material scene::Material(65377) because this Material does not exist. Have you forgotten to define it in a .material script?
14:06:40: Can't assign material scene::Material(65380) because this Material does not exist. Have you forgotten to define it in a .material script?
14:06:40: Can't assign material scene::Material(65379) because this Material does not exist. Have you forgotten to define it in a .material script?
14:06:40: Can't assign material scene::Material(65378) because this Material does not exist. Have you forgotten to define it in a .material script?
14:06:40: Can't assign material scene::Material(65377) because this Material does not exist. Have you forgotten to define it in a .material script?
14:06:40: Added resource location '/home/gerard/.ignition/fuel/fuel.gazebosim.org/openrobotics/models/jersey barrier/6/meshes' of type 'FileSystem' to resource group 'General' with recursive option
14:06:40: Initialising resource group General
14:06:40: Added resource location '/home/gerard/.ignition/fuel/fuel.gazebosim.org/openrobotics/models/jersey barrier/6/meshes/../materials/textures/' of type 'FileSystem' to resource group 'General'
14:06:40: Texture memory budget exceeded. Stalling GPU.
14:06:40: Stalling was not enough. Freeing memory.
14:06:40: Can't assign material scene::Material(65276) because this Material does not exist. Have you forgotten to define it in a .material script?
14:06:40: Can't assign material scene::Material(65276) because this Material does not exist. Have you forgotten to define it in a .material script?
14:06:40: Can't assign material scene::Material(65276) because this Material does not exist. Have you forgotten to define it in a .material script?
14:06:40: Can't assign material scene::Material(65276) because this Material does not exist. Have you forgotten to define it in a .material script?
14:06:40: Added resource location '/home/gerard/.ignition/fuel/fuel.gazebosim.org/openrobotics/models/chair/3/meshes' of type 'FileSystem' to resource group 'General' with recursive option
14:06:40: Initialising resource group General
14:06:40: Added resource location '/home/gerard/.ignition/fuel/fuel.gazebosim.org/openrobotics/models/chair/3/meshes/' of type 'FileSystem' to resource group 'General'
14:06:40: Texture memory budget exceeded. Stalling GPU.
14:06:40: WARNING: PBS Datablock '[Hash 0x0182f720]' Very low roughness values can cause NaNs in the pixel shader!
14:06:40: Can't assign material scene::Material(65259) because this Material does not exist. Have you forgotten to define it in a .material script?
14:06:40: WARNING: PBS Datablock '[Hash 0x3dd6a78d]' Very low roughness values can cause NaNs in the pixel shader!
14:06:40: WARNING: PBS Datablock '[Hash 0xcd15f27c]' Very low roughness values can cause NaNs in the pixel shader!
14:06:40: Can't assign material scene::Material(65259) because this Material does not exist. Have you forgotten to define it in a .material script?
14:06:40: WARNING: PBS Datablock '[Hash 0x2bb4c22f]' Very low roughness values can cause NaNs in the pixel shader!
14:06:40: WARNING: PBS Datablock '[Hash 0xf7b3c0c9]' Very low roughness values can cause NaNs in the pixel shader!
14:06:40: Added resource location '/home/gerard/.ignition/fuel/fuel.gazebosim.org/openrobotics/models/foldable_chair/3/mesh' of type 'FileSystem' to resource group 'General' with recursive option
14:06:40: Initialising resource group General
14:06:40: Added resource location '/home/gerard/.ignition/fuel/fuel.gazebosim.org/openrobotics/models/foldable_chair/3/mesh/' of type 'FileSystem' to resource group 'General'
14:06:41: Texture memory budget exceeded. Stalling GPU.
14:06:41: Stalling was not enough. Freeing memory.
14:06:41: Texture memory budget exceeded. Stalling GPU.
14:06:41: Stalling was not enough. Freeing memory.
14:06:41: Can't assign material scene::Material(65250) because this Material does not exist. Have you forgotten to define it in a .material script?
14:06:41: Can't assign material scene::Material(65250) because this Material does not exist. Have you forgotten to define it in a .material script?
14:06:41: Can't assign material scene::Material(65241) because this Material does not exist. Have you forgotten to define it in a .material script?
14:06:41: Added resource location '/home/gerard/.ignition/fuel/fuel.gazebosim.org/openrobotics/models/table/4/' of type 'FileSystem' to resource group 'General'
14:06:41: Texture memory budget exceeded. Stalling GPU.
14:06:41: Stalling was not enough. Freeing memory.
14:06:41: Can't assign material scene::Material(65235) because this Material does not exist. Have you forgotten to define it in a .material script?
14:06:41: Can't assign material scene::Material(65235) because this Material does not exist. Have you forgotten to define it in a .material script?
14:06:41: Can't assign material scene::Material(65235) because this Material does not exist. Have you forgotten to define it in a .material script?
14:06:41: Can't assign material scene::Material(65235) because this Material does not exist. Have you forgotten to define it in a .material script?
14:06:41: Added resource location '/home/gerard/.ignition/fuel/fuel.gazebosim.org/openrobotics/models/malevisitoronphone/2/meshes' of type 'FileSystem' to resource group 'General' with recursive option
14:06:41: Initialising resource group General
14:06:41: Added resource location '/home/gerard/.ignition/fuel/fuel.gazebosim.org/openrobotics/models/malevisitoronphone/2/meshes/' of type 'FileSystem' to resource group 'General'
14:06:41: Texture memory budget exceeded. Stalling GPU.
14:06:41: Stalling was not enough. Freeing memory.
14:06:41: WARNING: PBS Datablock '[Hash 0x7633e856]' Very low roughness values can cause NaNs in the pixel shader!
14:06:41: Texture memory budget exceeded. Stalling GPU.
14:06:41: Stalling was not enough. Freeing memory.
14:06:41: WARNING: PBS Datablock '[Hash 0xe703bc3e]' Very low roughness values can cause NaNs in the pixel shader!
14:06:41: Can't assign material scene::Material(65214) because this Material does not exist. Have you forgotten to define it in a .material script?
14:06:41: Can't assign material scene::Material(65213) because this Material does not exist. Have you forgotten to define it in a .material script?
14:06:41: WARNING: PBS Datablock '[Hash 0x64e5c665]' Very low roughness values can cause NaNs in the pixel shader!
14:06:41: WARNING: PBS Datablock '[Hash 0xb9518f87]' Very low roughness values can cause NaNs in the pixel shader!
14:06:41: WARNING: PBS Datablock '[Hash 0xd9c2b59f]' Very low roughness values can cause NaNs in the pixel shader!
14:06:41: WARNING: PBS Datablock '[Hash 0xc1bca5dc]' Very low roughness values can cause NaNs in the pixel shader!
14:06:41: Added resource location '/home/gerard/.ignition/fuel/fuel.gazebosim.org/plateau/models/casual female/1/meshes' of type 'FileSystem' to resource group 'General' with recursive option
14:06:41: Initialising resource group General
14:06:41: Added resource location '/home/gerard/.ignition/fuel/fuel.gazebosim.org/plateau/models/casual female/1/meshes/../materials/textures/' of type 'FileSystem' to resource group 'General'
14:06:42: Texture memory budget exceeded. Stalling GPU.
14:06:42: Stalling was not enough. Freeing memory.
14:06:42: Texture memory budget exceeded. Stalling GPU.
14:06:42: Stalling was not enough. Freeing memory.
14:06:42: Texture memory budget exceeded. Stalling GPU.
14:06:43: Texture memory budget exceeded. Stalling GPU.
14:06:43: Stalling was not enough. Freeing memory.
14:06:43: Texture memory budget exceeded. Stalling GPU.
14:06:43: Stalling was not enough. Freeing memory.
14:06:43: Texture memory budget exceeded. Stalling GPU.
14:06:43: Stalling was not enough. Freeing memory.
14:06:43: Texture memory budget exceeded. Stalling GPU.
14:06:43: Stalling was not enough. Freeing memory.
14:06:43: Texture memory budget exceeded. Stalling GPU.
14:06:43: Stalling was not enough. Freeing memory.
14:06:43: Texture memory budget exceeded. Stalling GPU.
14:06:43: Stalling was not enough. Freeing memory.
14:06:43: Can't assign material scene::Material(65206) because this Material does not exist. Have you forgotten to define it in a .material script?
14:06:43: Can't assign material scene::Material(65205) because this Material does not exist. Have you forgotten to define it in a .material script?
14:06:43: Can't assign material scene::Material(65204) because this Material does not exist. Have you forgotten to define it in a .material script?
14:06:43: Can't assign material scene::Material(65203) because this Material does not exist. Have you forgotten to define it in a .material script?
14:06:43: Can't assign material scene::Material(65202) because this Material does not exist. Have you forgotten to define it in a .material script?
14:06:43: Can't assign material scene::Material(65201) because this Material does not exist. Have you forgotten to define it in a .material script?
14:06:43: Can't assign material scene::Material(65200) because this Material does not exist. Have you forgotten to define it in a .material script?
14:06:43: Can't assign material scene::Material(65199) because this Material does not exist. Have you forgotten to define it in a .material script?
14:06:43: Can't assign material scene::Material(65198) because this Material does not exist. Have you forgotten to define it in a .material script?
14:06:44: Added resource location '/opt/ros/humble/share/irobot_create_description/meshes/dock' of type 'FileSystem' to resource group 'General' with recursive option
14:06:44: Initialising resource group General
14:06:44: OGRE EXCEPTION(5:ItemIdentityException): Cannot locate an appropriate 2D texture coordinate set for all the vertex data in this mesh to create tangents from.  in Mesh::suggestTangentVectorBuildParams at /build/ogre-next-UFfg83/ogre-next-2.2.5+dfsg3/OgreMain/src/OgreMesh.cpp (line 1881)
14:06:44: Can't assign material scene::Material(65169) because this Material does not exist. Have you forgotten to define it in a .material script?
14:06:44: Can't assign material scene::Material(65168) because this Material does not exist. Have you forgotten to define it in a .material script?
14:06:44: Vertex Shader: 100000003VertexShader_vs
Fragment Shader: 100000003PixelShader_ps
 GLSL validation result : 
active samplers with a different type refer to the same texture image unit
14:07:37: Vertex Shader: 100000004VertexShader_vs
Fragment Shader: 100000004PixelShader_ps
 GLSL validation result : 
active samplers with a different type refer to the same texture image unit
14:11:31: WARNING: Deleting mapped buffer without having it unmapped. This is often sign of a resource leak or a bad pattern. Umapping the buffer for you...
14:11:31: WARNING: Deleting mapped buffer without having it unmapped. This is often sign of a resource leak or a bad pattern. Umapping the buffer for you...
14:11:31: WARNING: Deleting mapped buffer without having it unmapped. This is often sign of a resource leak or a bad pattern. Umapping the buffer for you...
14:12:11: WARNING: Deleting mapped buffer without having it unmapped. This is often sign of a resource leak or a bad pattern. Umapping the buffer for you...
14:12:11: WARNING: Deleting mapped buffer without having it unmapped. This is often sign of a resource leak or a bad pattern. Umapping the buffer for you...
